================================================================
  RQ1: Pointer Sharing vs Copy-Based Offload
  Pointer-Rich Workloads on CXL Type-2 Coherent Memory
================================================================
  Using CXL GPU device 0
  BAR4 base: 0x7cba05345000
  sizeof(GraphNode) = 64 (expect 64)

================================================================
  EXPERIMENT 1: BFS -- Pointer Sharing vs Copy-Based Offload
  N=100000  avg_degree=6  trials=3
================================================================

--- Graph type: erdos_renyi ---
  graph=erdos_renyi  N=100000  device_fraction=0.00
    Method A (pointer-sharing):  median=9445 us  p25=8181 us  p75=9815 us
      coherency: snoop_hits=0 snoop_misses=0 coh_reqs=0 back_inv=0
                writebacks=0 evictions=0 bias_flips=0
                dev_bias_hits=0 host_bias_hits=0 dir_entries=100000
    Method B (copy-based):       SKIPPED (disabled)

  graph=erdos_renyi  N=100000  device_fraction=0.50
    Method A (pointer-sharing):  median=6687 us  p25=5887 us  p75=9073 us
      coherency: snoop_hits=0 snoop_misses=0 coh_reqs=0 back_inv=0
                writebacks=0 evictions=0 bias_flips=0
                dev_bias_hits=0 host_bias_hits=0 dir_entries=100048
    Method B (copy-based):       SKIPPED (disabled)

  graph=erdos_renyi  N=100000  device_fraction=1.00
    Method A (pointer-sharing):  median=5175 us  p25=5124 us  p75=5463 us
      coherency: snoop_hits=0 snoop_misses=0 coh_reqs=0 back_inv=0
                writebacks=0 evictions=0 bias_flips=0
                dev_bias_hits=0 host_bias_hits=0 dir_entries=100048
    Method B (copy-based):       SKIPPED (disabled)


--- Graph type: barabasi_albert ---
  graph=barabasi_albert  N=100000  device_fraction=0.00
    Method A (pointer-sharing):  median=5440 us  p25=5286 us  p75=5953 us
      coherency: snoop_hits=0 snoop_misses=0 coh_reqs=0 back_inv=0
                writebacks=0 evictions=0 bias_flips=0
                dev_bias_hits=0 host_bias_hits=0 dir_entries=100048
    Method B (copy-based):       SKIPPED (disabled)

  graph=barabasi_albert  N=100000  device_fraction=0.50
    Method A (pointer-sharing):  median=4014 us  p25=4002 us  p75=4557 us
      coherency: snoop_hits=0 snoop_misses=0 coh_reqs=0 back_inv=0
                writebacks=0 evictions=0 bias_flips=0
                dev_bias_hits=0 host_bias_hits=0 dir_entries=100048
    Method B (copy-based):       SKIPPED (disabled)

  graph=barabasi_albert  N=100000  device_fraction=1.00
    Method A (pointer-sharing):  median=5505 us  p25=5339 us  p75=6054 us
      coherency: snoop_hits=0 snoop_misses=0 coh_reqs=0 back_inv=0
                writebacks=0 evictions=0 bias_flips=0
                dev_bias_hits=0 host_bias_hits=0 dir_entries=100048
    Method B (copy-based):       SKIPPED (disabled)


================================================================
  All experiments complete.
================================================================
