================================================================
  RQ1: Pointer Sharing vs Copy-Based Offload
  Pointer-Rich Workloads on CXL Type-2 Coherent Memory
================================================================
  Using CXL GPU device 0
  BAR4 base: 0x7f75e9495000
  sizeof(GraphNode) = 64 (expect 64)

================================================================
  EXPERIMENT 1: BFS -- Pointer Sharing vs Copy-Based Offload
  N=2000  avg_degree=6  trials=3
================================================================

--- Graph type: erdos_renyi ---
  graph=erdos_renyi  N=2000  device_fraction=0.00
    Method A (pointer-sharing):  median=58 us  p25=54 us  p75=69 us
      coherency: snoop_hits=0 snoop_misses=0 coh_reqs=0 back_inv=0
                writebacks=0 evictions=0 bias_flips=0
                dev_bias_hits=0 host_bias_hits=0 dir_entries=2000
    Method B (copy-based):       median=1027477 us  p25=1007234 us  p75=1029910 us
      coherency: snoop_hits=0 snoop_misses=0 coh_reqs=42 back_inv=0
                writebacks=21 evictions=0 bias_flips=0
                dev_bias_hits=0 host_bias_hits=0 dir_entries=2003

  graph=erdos_renyi  N=2000  device_fraction=0.25
    Method A (pointer-sharing):  median=43 us  p25=40 us  p75=56 us
      coherency: snoop_hits=0 snoop_misses=0 coh_reqs=0 back_inv=0
                writebacks=0 evictions=0 bias_flips=0
                dev_bias_hits=0 host_bias_hits=0 dir_entries=2015
    Method B (copy-based):       median=1011455 us  p25=969216 us  p75=1053832 us
      coherency: snoop_hits=0 snoop_misses=0 coh_reqs=42 back_inv=0
                writebacks=21 evictions=0 bias_flips=0
                dev_bias_hits=0 host_bias_hits=0 dir_entries=2018

  graph=erdos_renyi  N=2000  device_fraction=0.50
    Method A (pointer-sharing):  median=43 us  p25=41 us  p75=57 us
      coherency: snoop_hits=0 snoop_misses=0 coh_reqs=0 back_inv=0
                writebacks=0 evictions=0 bias_flips=0
                dev_bias_hits=0 host_bias_hits=0 dir_entries=2030
    Method B (copy-based):       median=1065673 us  p25=1051896 us  p75=1073812 us
      coherency: snoop_hits=0 snoop_misses=0 coh_reqs=42 back_inv=0
                writebacks=21 evictions=0 bias_flips=0
                dev_bias_hits=0 host_bias_hits=0 dir_entries=2033

  graph=erdos_renyi  N=2000  device_fraction=0.75
    Method A (pointer-sharing):  median=45 us  p25=42 us  p75=48 us
      coherency: snoop_hits=0 snoop_misses=0 coh_reqs=0 back_inv=0
                writebacks=0 evictions=0 bias_flips=0
                dev_bias_hits=0 host_bias_hits=0 dir_entries=2045
    Method B (copy-based):       median=1030930 us  p25=999777 us  p75=1044651 us
      coherency: snoop_hits=0 snoop_misses=0 coh_reqs=42 back_inv=0
                writebacks=21 evictions=0 bias_flips=0
                dev_bias_hits=0 host_bias_hits=0 dir_entries=2048

  graph=erdos_renyi  N=2000  device_fraction=1.00
    Method A (pointer-sharing):  median=45 us  p25=42 us  p75=53 us
      coherency: snoop_hits=0 snoop_misses=0 coh_reqs=0 back_inv=0
                writebacks=0 evictions=0 bias_flips=0
                dev_bias_hits=0 host_bias_hits=0 dir_entries=2048
    Method B (copy-based):       median=1032911 us  p25=1008413 us  p75=1032946 us
      coherency: snoop_hits=0 snoop_misses=0 coh_reqs=42 back_inv=0
                writebacks=21 evictions=0 bias_flips=0
                dev_bias_hits=0 host_bias_hits=0 dir_entries=2051


--- Graph type: barabasi_albert ---
  graph=barabasi_albert  N=2000  device_fraction=0.00
    Method A (pointer-sharing):  median=45 us  p25=43 us  p75=51 us
      coherency: snoop_hits=0 snoop_misses=0 coh_reqs=0 back_inv=0
                writebacks=0 evictions=0 bias_flips=0
                dev_bias_hits=0 host_bias_hits=0 dir_entries=2051
    Method B (copy-based):       median=1065221 us  p25=974090 us  p75=1078339 us
      coherency: snoop_hits=0 snoop_misses=0 coh_reqs=162 back_inv=0
                writebacks=81 evictions=0 bias_flips=0
                dev_bias_hits=0 host_bias_hits=0 dir_entries=2054

  graph=barabasi_albert  N=2000  device_fraction=0.25
    Method A (pointer-sharing):  median=45 us  p25=43 us  p75=53 us
      coherency: snoop_hits=0 snoop_misses=0 coh_reqs=0 back_inv=0
                writebacks=0 evictions=0 bias_flips=0
                dev_bias_hits=0 host_bias_hits=0 dir_entries=2054
    Method B (copy-based):       median=1016684 us  p25=995245 us  p75=1030734 us
      coherency: snoop_hits=0 snoop_misses=0 coh_reqs=162 back_inv=0
                writebacks=81 evictions=0 bias_flips=0
                dev_bias_hits=0 host_bias_hits=0 dir_entries=2057

  graph=barabasi_albert  N=2000  device_fraction=0.50
    Method A (pointer-sharing):  median=45 us  p25=43 us  p75=59 us
      coherency: snoop_hits=0 snoop_misses=0 coh_reqs=0 back_inv=0
                writebacks=0 evictions=0 bias_flips=0
                dev_bias_hits=0 host_bias_hits=0 dir_entries=2057
    Method B (copy-based):       median=1012454 us  p25=996930 us  p75=1038623 us
      coherency: snoop_hits=0 snoop_misses=0 coh_reqs=162 back_inv=0
                writebacks=81 evictions=0 bias_flips=0
                dev_bias_hits=0 host_bias_hits=0 dir_entries=2060

  graph=barabasi_albert  N=2000  device_fraction=0.75
    Method A (pointer-sharing):  median=45 us  p25=43 us  p75=49 us
      coherency: snoop_hits=0 snoop_misses=0 coh_reqs=0 back_inv=0
                writebacks=0 evictions=0 bias_flips=0
                dev_bias_hits=0 host_bias_hits=0 dir_entries=2060
    Method B (copy-based):       median=967789 us  p25=963842 us  p75=981450 us
      coherency: snoop_hits=0 snoop_misses=0 coh_reqs=162 back_inv=0
                writebacks=81 evictions=0 bias_flips=0
                dev_bias_hits=0 host_bias_hits=0 dir_entries=2063

  graph=barabasi_albert  N=2000  device_fraction=1.00
    Method A (pointer-sharing):  median=45 us  p25=43 us  p75=59 us
      coherency: snoop_hits=0 snoop_misses=0 coh_reqs=0 back_inv=0
                writebacks=0 evictions=0 bias_flips=0
                dev_bias_hits=0 host_bias_hits=0 dir_entries=2063
    Method B (copy-based):       median=968032 us  p25=961932 us  p75=1006987 us
      coherency: snoop_hits=0 snoop_misses=0 coh_reqs=162 back_inv=0
                writebacks=81 evictions=0 bias_flips=0
                dev_bias_hits=0 host_bias_hits=0 dir_entries=2066


================================================================
  All experiments complete.
================================================================
