================================================================
  RQ1: Pointer Sharing vs Copy-Based Offload
  Pointer-Rich Workloads on CXL Type-2 Coherent Memory
================================================================
  Using CXL GPU device 0
  BAR4 base: 0x704acc98a000
  sizeof(GraphNode) = 64 (expect 64)

================================================================
  EXPERIMENT 1: BFS -- Pointer Sharing vs Copy-Based Offload
  N=50000  avg_degree=6  trials=3
================================================================

--- Graph type: erdos_renyi ---
  graph=erdos_renyi  N=50000  device_fraction=0.00
    Method A (pointer-sharing):  median=3245 us  p25=3092 us  p75=3526 us
      coherency: snoop_hits=0 snoop_misses=0 coh_reqs=0 back_inv=0
                writebacks=0 evictions=0 bias_flips=0
                dev_bias_hits=0 host_bias_hits=0 dir_entries=50000
    Method B (copy-based):       SKIPPED (disabled)

  graph=erdos_renyi  N=50000  device_fraction=0.50
    Method A (pointer-sharing):  median=3280 us  p25=3158 us  p75=3368 us
      coherency: snoop_hits=0 snoop_misses=0 coh_reqs=0 back_inv=0
                writebacks=0 evictions=0 bias_flips=0
                dev_bias_hits=0 host_bias_hits=0 dir_entries=50024
    Method B (copy-based):       SKIPPED (disabled)

  graph=erdos_renyi  N=50000  device_fraction=1.00
    Method A (pointer-sharing):  median=3118 us  p25=3074 us  p75=3355 us
      coherency: snoop_hits=0 snoop_misses=0 coh_reqs=0 back_inv=0
                writebacks=0 evictions=0 bias_flips=0
                dev_bias_hits=0 host_bias_hits=0 dir_entries=50024
    Method B (copy-based):       SKIPPED (disabled)


--- Graph type: barabasi_albert ---
  graph=barabasi_albert  N=50000  device_fraction=0.00
    Method A (pointer-sharing):  median=2045 us  p25=2039 us  p75=2371 us
      coherency: snoop_hits=0 snoop_misses=0 coh_reqs=0 back_inv=0
                writebacks=0 evictions=0 bias_flips=0
                dev_bias_hits=0 host_bias_hits=0 dir_entries=50024
    Method B (copy-based):       SKIPPED (disabled)

  graph=barabasi_albert  N=50000  device_fraction=0.50
    Method A (pointer-sharing):  median=2046 us  p25=2034 us  p75=2366 us
      coherency: snoop_hits=0 snoop_misses=0 coh_reqs=0 back_inv=0
                writebacks=0 evictions=0 bias_flips=0
                dev_bias_hits=0 host_bias_hits=0 dir_entries=50024
    Method B (copy-based):       SKIPPED (disabled)

  graph=barabasi_albert  N=50000  device_fraction=1.00
    Method A (pointer-sharing):  median=2296 us  p25=2061 us  p75=2689 us
      coherency: snoop_hits=0 snoop_misses=0 coh_reqs=0 back_inv=0
                writebacks=0 evictions=0 bias_flips=0
                dev_bias_hits=0 host_bias_hits=0 dir_entries=50024
    Method B (copy-based):       SKIPPED (disabled)


================================================================
  All experiments complete.
================================================================
