================================================================
  RQ1: Pointer Sharing vs Copy-Based Offload
  Pointer-Rich Workloads on CXL Type-2 Coherent Memory
================================================================
  Using CXL GPU device 0
  BAR4 base: 0x79b6435dd000
  sizeof(GraphNode) = 64 (expect 64)

================================================================
  EXPERIMENT 1: BFS -- Pointer Sharing vs Copy-Based Offload
  N=2000  avg_degree=6  trials=3
================================================================

--- Graph type: erdos_renyi ---
  graph=erdos_renyi  N=2000  device_fraction=0.00
    Method A (pointer-sharing):  median=58 us  p25=54 us  p75=68 us
      coherency: snoop_hits=0 snoop_misses=0 coh_reqs=0 back_inv=0
                writebacks=0 evictions=0 bias_flips=0
                dev_bias_hits=0 host_bias_hits=0 dir_entries=2000
    Method B (copy-based):       median=943667 us  p25=942642 us  p75=961098 us
      coherency: snoop_hits=0 snoop_misses=0 coh_reqs=42 back_inv=0
                writebacks=21 evictions=0 bias_flips=0
                dev_bias_hits=0 host_bias_hits=0 dir_entries=2003

  graph=erdos_renyi  N=2000  device_fraction=0.25
    Method A (pointer-sharing):  median=54 us  p25=42 us  p75=57 us
      coherency: snoop_hits=0 snoop_misses=0 coh_reqs=0 back_inv=0
                writebacks=0 evictions=0 bias_flips=0
                dev_bias_hits=0 host_bias_hits=0 dir_entries=2015
    Method B (copy-based):       median=945978 us  p25=945270 us  p75=983372 us
      coherency: snoop_hits=0 snoop_misses=0 coh_reqs=42 back_inv=0
                writebacks=21 evictions=0 bias_flips=0
                dev_bias_hits=0 host_bias_hits=0 dir_entries=2018

  graph=erdos_renyi  N=2000  device_fraction=0.50
    Method A (pointer-sharing):  median=57 us  p25=44 us  p75=58 us
      coherency: snoop_hits=0 snoop_misses=0 coh_reqs=0 back_inv=0
                writebacks=0 evictions=0 bias_flips=0
                dev_bias_hits=0 host_bias_hits=0 dir_entries=2030
    Method B (copy-based):       median=942378 us  p25=940904 us  p75=954441 us
      coherency: snoop_hits=0 snoop_misses=0 coh_reqs=42 back_inv=0
                writebacks=21 evictions=0 bias_flips=0
                dev_bias_hits=0 host_bias_hits=0 dir_entries=2033

  graph=erdos_renyi  N=2000  device_fraction=0.75
    Method A (pointer-sharing):  median=49 us  p25=42 us  p75=49 us
      coherency: snoop_hits=0 snoop_misses=0 coh_reqs=0 back_inv=0
                writebacks=0 evictions=0 bias_flips=0
                dev_bias_hits=0 host_bias_hits=0 dir_entries=2045
    Method B (copy-based):       median=942099 us  p25=939671 us  p75=968398 us
      coherency: snoop_hits=0 snoop_misses=0 coh_reqs=42 back_inv=0
                writebacks=21 evictions=0 bias_flips=0
                dev_bias_hits=0 host_bias_hits=0 dir_entries=2048

  graph=erdos_renyi  N=2000  device_fraction=1.00
    Method A (pointer-sharing):  median=44 us  p25=43 us  p75=53 us
      coherency: snoop_hits=0 snoop_misses=0 coh_reqs=0 back_inv=0
                writebacks=0 evictions=0 bias_flips=0
                dev_bias_hits=0 host_bias_hits=0 dir_entries=2048
    Method B (copy-based):       median=944919 us  p25=940450 us  p75=959332 us
      coherency: snoop_hits=0 snoop_misses=0 coh_reqs=42 back_inv=0
                writebacks=21 evictions=0 bias_flips=0
                dev_bias_hits=0 host_bias_hits=0 dir_entries=2051


--- Graph type: barabasi_albert ---
  graph=barabasi_albert  N=2000  device_fraction=0.00
    Method A (pointer-sharing):  median=45 us  p25=43 us  p75=71 us
      coherency: snoop_hits=0 snoop_misses=0 coh_reqs=0 back_inv=0
                writebacks=0 evictions=0 bias_flips=0
                dev_bias_hits=0 host_bias_hits=0 dir_entries=2051
    Method B (copy-based):       median=942404 us  p25=940441 us  p75=958733 us
      coherency: snoop_hits=0 snoop_misses=0 coh_reqs=162 back_inv=0
                writebacks=81 evictions=0 bias_flips=0
                dev_bias_hits=0 host_bias_hits=0 dir_entries=2054

  graph=barabasi_albert  N=2000  device_fraction=0.25
    Method A (pointer-sharing):  median=45 us  p25=43 us  p75=53 us
      coherency: snoop_hits=0 snoop_misses=0 coh_reqs=0 back_inv=0
                writebacks=0 evictions=0 bias_flips=0
                dev_bias_hits=0 host_bias_hits=0 dir_entries=2054
    Method B (copy-based):       median=937706 us  p25=936409 us  p75=955631 us
      coherency: snoop_hits=0 snoop_misses=0 coh_reqs=162 back_inv=0
                writebacks=81 evictions=0 bias_flips=0
                dev_bias_hits=0 host_bias_hits=0 dir_entries=2057

  graph=barabasi_albert  N=2000  device_fraction=0.50
    Method A (pointer-sharing):  median=45 us  p25=43 us  p75=63 us
      coherency: snoop_hits=0 snoop_misses=0 coh_reqs=0 back_inv=0
                writebacks=0 evictions=0 bias_flips=0
                dev_bias_hits=0 host_bias_hits=0 dir_entries=2057
    Method B (copy-based):       median=942232 us  p25=940743 us  p75=945323 us
      coherency: snoop_hits=0 snoop_misses=0 coh_reqs=162 back_inv=0
                writebacks=81 evictions=0 bias_flips=0
                dev_bias_hits=0 host_bias_hits=0 dir_entries=2060

  graph=barabasi_albert  N=2000  device_fraction=0.75
    Method A (pointer-sharing):  median=45 us  p25=44 us  p75=51 us
      coherency: snoop_hits=0 snoop_misses=0 coh_reqs=0 back_inv=0
                writebacks=0 evictions=0 bias_flips=0
                dev_bias_hits=0 host_bias_hits=0 dir_entries=2060
    Method B (copy-based):       median=972656 us  p25=937141 us  p75=1023373 us
      coherency: snoop_hits=0 snoop_misses=0 coh_reqs=162 back_inv=0
                writebacks=81 evictions=0 bias_flips=0
                dev_bias_hits=0 host_bias_hits=0 dir_entries=2063

  graph=barabasi_albert  N=2000  device_fraction=1.00
    Method A (pointer-sharing):  median=45 us  p25=43 us  p75=59 us
      coherency: snoop_hits=0 snoop_misses=0 coh_reqs=0 back_inv=0
                writebacks=0 evictions=0 bias_flips=0
                dev_bias_hits=0 host_bias_hits=0 dir_entries=2063
    Method B (copy-based):       median=937940 us  p25=937430 us  p75=945649 us
      coherency: snoop_hits=0 snoop_misses=0 coh_reqs=162 back_inv=0
                writebacks=81 evictions=0 bias_flips=0
                dev_bias_hits=0 host_bias_hits=0 dir_entries=2066


================================================================
  All experiments complete.
================================================================
