CXL Type2: GPU mode = 2 (NONE=0, VFIO=1, HETGPU=2, AUTO=3)
CXL Type2: Initializing hetGPU backend...
cxl_type2_hetgpu_init: ENTERED
cxl_type2_hetgpu_init: hetgpu_lib_path = '/home/victoryang00/hetGPU/target/debug/libnvcuda.so'
cxl_type2_hetgpu_init: Using library: /home/victoryang00/hetGPU/target/debug/libnvcuda.so
cxl_type2_hetgpu_init: backend=5, device_index=0
CXL Type2: cxl_type2_hetgpu_init returned 0
CXL Type2: hetGPU backend initialized successfully
CXL Type2: GPU mode = 2 (NONE=0, VFIO=1, HETGPU=2, AUTO=3)
CXL Type2: Initializing hetGPU backend...
cxl_type2_hetgpu_init: ENTERED
cxl_type2_hetgpu_init: hetgpu_lib_path = '/home/victoryang00/hetGPU/target/debug/libnvcuda.so'
cxl_type2_hetgpu_init: Using library: /home/victoryang00/hetGPU/target/debug/libnvcuda.so
cxl_type2_hetgpu_init: backend=5, device_index=0
CXL Type2: cxl_type2_hetgpu_init returned 0
CXL Type2: hetGPU backend initialized successfully
CXL Type2: GPU mode = 2 (NONE=0, VFIO=1, HETGPU=2, AUTO=3)
CXL Type2: Initializing hetGPU backend...
cxl_type2_hetgpu_init: ENTERED
cxl_type2_hetgpu_init: hetgpu_lib_path = '/home/victoryang00/hetGPU/target/debug/libnvcuda.so'
cxl_type2_hetgpu_init: Using library: /home/victoryang00/hetGPU/target/debug/libnvcuda.so
cxl_type2_hetgpu_init: backend=5, device_index=0
CXL Type2: cxl_type2_hetgpu_init returned 0
CXL Type2: hetGPU backend initialized successfully
CXL Type2: GPU mode = 2 (NONE=0, VFIO=1, HETGPU=2, AUTO=3)
CXL Type2: Initializing hetGPU backend...
cxl_type2_hetgpu_init: ENTERED
cxl_type2_hetgpu_init: hetgpu_lib_path = '/home/victoryang00/hetGPU/target/debug/libnvcuda.so'
cxl_type2_hetgpu_init: Using library: /home/victoryang00/hetGPU/target/debug/libnvcuda.so
cxl_type2_hetgpu_init: backend=5, device_index=0
CXL Type2: cxl_type2_hetgpu_init returned 0
CXL Type2: hetGPU backend initialized successfully
c[?7l[2J[0mSeaBIOS (version rel-1.17.0-0-gb52ca86e094d-prebuilt.qemu.org)


iPXE (http://ipxe.org) 00:02.0 CA00 PCI2.10 PnP PMM+7EFD14E0+7EF314E0 CA00
Press Ctrl-B to configure iPXE (PCI 00:02.0)...                                                                               


Booting from ROM...
c[?7l[2J[    0.000000] Linux version 6.18.0-rc5 (root@gpu01) (gcc (Ubuntu 14.2.0-19ubuntu2) 14.2.0, GNU ld (GNU Binutils for Ubuntu) 2.44) #4 SMP PREEMPT_DYNAMIC Sun Mar  1 22:26:46 UTC 2026
[    0.000000] Command line: root=/dev/vda rw console=ttyS0,115200 nokaslr systemd.mask=cxl-numa-setup.service
[    0.000000] KERNEL supported cpus:
[    0.000000]   Intel GenuineIntel
[    0.000000]   AMD AuthenticAMD
[    0.000000]   Hygon HygonGenuine
[    0.000000]   Centaur CentaurHauls
[    0.000000]   zhaoxin   Shanghai  
[    0.000000] x86/CPU: Model not found in latest microcode list
[    0.000000] BIOS-provided physical RAM map:
[    0.000000] BIOS-e820: [mem 0x0000000000000000-0x000000000009fbff] usable
[    0.000000] BIOS-e820: [mem 0x000000000009fc00-0x000000000009ffff] reserved
[    0.000000] BIOS-e820: [mem 0x00000000000f0000-0x00000000000fffff] reserved
[    0.000000] BIOS-e820: [mem 0x0000000000100000-0x000000007ffdbfff] usable
[    0.000000] BIOS-e820: [mem 0x000000007ffdc000-0x000000007fffffff] reserved
[    0.000000] BIOS-e820: [mem 0x00000000b0000000-0x00000000bfffffff] reserved
[    0.000000] BIOS-e820: [mem 0x00000000fed1c000-0x00000000fed1ffff] reserved
[    0.000000] BIOS-e820: [mem 0x00000000feffc000-0x00000000feffffff] reserved
[    0.000000] BIOS-e820: [mem 0x00000000fffc0000-0x00000000ffffffff] reserved
[    0.000000] BIOS-e820: [mem 0x0000000100000000-0x000000047fffffff] usable
[    0.000000] NX (Execute Disable) protection: active
[    0.000000] APIC: Static calls initialized
[    0.000000] SMBIOS 2.8 present.
[    0.000000] DMI: QEMU Standard PC (Q35 + ICH9, 2009), BIOS rel-1.17.0-0-gb52ca86e094d-prebuilt.qemu.org 04/01/2014
[    0.000000] DMI: Memory slots populated: 1/1
[    0.000000] Hypervisor detected: KVM
[    0.000000] last_pfn = 0x7ffdc max_arch_pfn = 0x400000000
[    0.000000] kvm-clock: Using msrs 4b564d01 and 4b564d00
[    0.000001] kvm-clock: using sched offset of 367466518 cycles
[    0.000002] clocksource: kvm-clock: mask: 0xffffffffffffffff max_cycles: 0x1cd42e4dffb, max_idle_ns: 881590591483 ns
[    0.000005] tsc: Detected 2000.000 MHz processor
[    0.000432] last_pfn = 0x480000 max_arch_pfn = 0x400000000
[    0.000467] MTRR map: 4 entries (3 fixed + 1 variable; max 19), built from 8 variable MTRRs
[    0.000470] x86/PAT: Configuration [0-7]: WB  WC  UC- UC  WB  WP  UC- WT  
[    0.000517] last_pfn = 0x7ffdc max_arch_pfn = 0x400000000
[    0.006435] found SMP MP-table at [mem 0x000f54b0-0x000f54bf]
[    0.006666] ACPI: Early table checksum verification disabled
[    0.006671] ACPI: RSDP 0x00000000000F52B0 000014 (v00 BOCHS )
[    0.006679] ACPI: RSDT 0x000000007FFE377B 000040 (v01 BOCHS  BXPC     00000001 BXPC 00000001)
[    0.006684] ACPI: FACP 0x000000007FFE3407 0000F4 (v03 BOCHS  BXPC     00000001 BXPC 00000001)
[    0.006692] ACPI: DSDT 0x000000007FFE0040 0033C7 (v01 BOCHS  BXPC     00000001 BXPC 00000001)
[    0.006696] ACPI: FACS 0x000000007FFE0000 000040
[    0.006698] ACPI: APIC 0x000000007FFE34FB 000090 (v03 BOCHS  BXPC     00000001 BXPC 00000001)
[    0.006701] ACPI: HPET 0x000000007FFE358B 000038 (v01 BOCHS  BXPC     00000001 BXPC 00000001)
[    0.006703] ACPI: SRAT 0x000000007FFE35C3 000110 (v01 BOCHS  BXPC     00000001 BXPC 00000001)
[    0.006706] ACPI: MCFG 0x000000007FFE36D3 00003C (v01 BOCHS  BXPC     00000001 BXPC 00000001)
[    0.006709] ACPI: CEDT 0x000000007FFE370F 000044 (v01 BOCHS  BXPC     00000001 BXPC 00000001)
[    0.006711] ACPI: WAET 0x000000007FFE3753 000028 (v01 BOCHS  BXPC     00000001 BXPC 00000001)
[    0.006713] ACPI: Reserving FACP table memory at [mem 0x7ffe3407-0x7ffe34fa]
[    0.006714] ACPI: Reserving DSDT table memory at [mem 0x7ffe0040-0x7ffe3406]
[    0.006714] ACPI: Reserving FACS table memory at [mem 0x7ffe0000-0x7ffe003f]
[    0.006715] ACPI: Reserving APIC table memory at [mem 0x7ffe34fb-0x7ffe358a]
[    0.006715] ACPI: Reserving HPET table memory at [mem 0x7ffe358b-0x7ffe35c2]
[    0.006716] ACPI: Reserving SRAT table memory at [mem 0x7ffe35c3-0x7ffe36d2]
[    0.006716] ACPI: Reserving MCFG table memory at [mem 0x7ffe36d3-0x7ffe370e]
[    0.006716] ACPI: Reserving CEDT table memory at [mem 0x7ffe370f-0x7ffe3752]
[    0.006717] ACPI: Reserving WAET table memory at [mem 0x7ffe3753-0x7ffe377a]
[    0.006774] ACPI: SRAT: Node 0 PXM 0 [mem 0x00000000-0x0009ffff]
[    0.006776] ACPI: SRAT: Node 0 PXM 0 [mem 0x00100000-0x7fffffff]
[    0.006777] ACPI: SRAT: Node 0 PXM 0 [mem 0x100000000-0x47fffffff]
[    0.006777] ACPI: SRAT: Node 0 PXM 0 [mem 0x480000000-0xa7fffffff] hotplug
[    0.006781] NUMA: Node 0 [mem 0x00001000-0x0009ffff] + [mem 0x00100000-0x7fffffff] -> [mem 0x00001000-0x7fffffff]
[    0.006783] NUMA: Node 0 [mem 0x00001000-0x7fffffff] + [mem 0x100000000-0x47fffffff] -> [mem 0x00001000-0x47fffffff]
[    0.006788] NODE_DATA(0) allocated [mem 0x47ffd2500-0x47fffcfff]
[    0.007076] Zone ranges:
[    0.007077]   DMA      [mem 0x0000000000001000-0x0000000000ffffff]
[    0.007078]   DMA32    [mem 0x0000000001000000-0x00000000ffffffff]
[    0.007080]   Normal   [mem 0x0000000100000000-0x000000047fffffff]
[    0.007080]   Device   empty
[    0.007081] Movable zone start for each node
[    0.007082] Early memory node ranges
[    0.007082]   node   0: [mem 0x0000000000001000-0x000000000009efff]
[    0.007083]   node   0: [mem 0x0000000000100000-0x000000007ffdbfff]
[    0.007084]   node   0: [mem 0x0000000100000000-0x000000047fffffff]
[    0.007085] Initmem setup node 0 [mem 0x0000000000001000-0x000000047fffffff]
[    0.007536] On node 0, zone DMA: 1 pages in unavailable ranges
[    0.007751] On node 0, zone DMA: 97 pages in unavailable ranges
[    0.231935] On node 0, zone Normal: 36 pages in unavailable ranges
[    0.232280] ACPI: PM-Timer IO Port: 0x608
[    0.232297] ACPI: LAPIC_NMI (acpi_id[0xff] dfl dfl lint[0x1])
[    0.232333] IOAPIC[0]: apic_id 0, version 17, address 0xfec00000, GSI 0-23
[    0.232336] ACPI: INT_SRC_OVR (bus 0 bus_irq 0 global_irq 2 dfl dfl)
[    0.232338] ACPI: INT_SRC_OVR (bus 0 bus_irq 5 global_irq 5 high level)
[    0.232339] ACPI: INT_SRC_OVR (bus 0 bus_irq 9 global_irq 9 high level)
[    0.232339] ACPI: INT_SRC_OVR (bus 0 bus_irq 10 global_irq 10 high level)
[    0.232340] ACPI: INT_SRC_OVR (bus 0 bus_irq 11 global_irq 11 high level)
[    0.232343] ACPI: Using ACPI (MADT) for SMP configuration information
[    0.232345] ACPI: HPET id: 0x8086a201 base: 0xfed00000
[    0.232350] CPU topo: Max. logical packages:   1
[    0.232351] CPU topo: Max. logical dies:       1
[    0.232351] CPU topo: Max. dies per package:   1
[    0.232353] CPU topo: Max. threads per core:   1
[    0.232354] CPU topo: Num. cores per package:     4
[    0.232354] CPU topo: Num. threads per package:   4
[    0.232354] CPU topo: Allowing 4 present CPUs plus 0 hotplug CPUs
[    0.232372] kvm-guest: APIC: eoi() replaced with kvm_guest_apic_eoi_write()
[    0.232386] PM: hibernation: Registered nosave memory: [mem 0x00000000-0x00000fff]
[    0.232392] PM: hibernation: Registered nosave memory: [mem 0x0009f000-0x000fffff]
[    0.232393] PM: hibernation: Registered nosave memory: [mem 0x7ffdc000-0xffffffff]
[    0.232394] [mem 0xc0000000-0xfed1bfff] available for PCI devices
[    0.232395] Booting paravirtualized kernel on KVM
[    0.232396] clocksource: refined-jiffies: mask: 0xffffffff max_cycles: 0xffffffff, max_idle_ns: 1910969940391419 ns
[    0.232406] setup_percpu: NR_CPUS:8192 nr_cpumask_bits:4 nr_cpu_ids:4 nr_node_ids:1
[    0.234073] percpu: Embedded 84 pages/cpu s221184 r8192 d114688 u524288
[    0.234116] kvm-guest: PV spinlocks disabled, no host support
[    0.234118] Kernel command line: root=/dev/vda rw console=ttyS0,115200 nokaslr systemd.mask=cxl-numa-setup.service
[    0.234159] Unknown kernel command line parameters "nokaslr", will be passed to user space.
[    0.234163] printk: log buffer data + meta data: 262144 + 917504 = 1179648 bytes
[    0.247600] Dentry cache hash table entries: 2097152 (order: 12, 16777216 bytes, linear)
[    0.254199] Inode-cache hash table entries: 1048576 (order: 11, 8388608 bytes, linear)
[    0.254283] software IO TLB: area num 4.
[    0.314494] Fallback order for Node 0: 0 
[    0.314498] Built 1 zonelists, mobility grouping on.  Total pages: 4194170
[    0.314499] Policy zone: Normal
[    0.314508] mem auto-init: stack:all(zero), heap alloc:on, heap free:off
[    0.358357] SLUB: HWalign=64, Order=0-3, MinObjects=0, CPUs=4, Nodes=1
[    0.371155] ftrace: allocating 57259 entries in 224 pages
[    0.371159] ftrace: allocated 224 pages with 3 groups
[    0.372437] Dynamic Preempt: voluntary
[    0.372623] rcu: Preemptible hierarchical RCU implementation.
[    0.372623] rcu: 	RCU restricting CPUs from NR_CPUS=8192 to nr_cpu_ids=4.
[    0.372625] 	Trampoline variant of Tasks RCU enabled.
[    0.372625] 	Rude variant of Tasks RCU enabled.
[    0.372625] 	Tracing variant of Tasks RCU enabled.
[    0.372626] rcu: RCU calculated value of scheduler-enlistment delay is 100 jiffies.
[    0.372627] rcu: Adjusting geometry for rcu_fanout_leaf=16, nr_cpu_ids=4
[    0.372647] RCU Tasks: Setting shift to 2 and lim to 1 rcu_task_cb_adjust=1 rcu_task_cpu_ids=4.
[    0.372648] RCU Tasks Rude: Setting shift to 2 and lim to 1 rcu_task_cb_adjust=1 rcu_task_cpu_ids=4.
[    0.372649] RCU Tasks Trace: Setting shift to 2 and lim to 1 rcu_task_cb_adjust=1 rcu_task_cpu_ids=4.
[    0.376329] NR_IRQS: 524544, nr_irqs: 456, preallocated irqs: 16
[    0.376611] rcu: srcu_init: Setting srcu_struct sizes based on contention.
[    0.384337] Console: colour VGA+ 80x25
[    0.384374] printk: legacy console [ttyS0] enabled
[    0.459398] ACPI: Core revision 20250807
[    0.460041] clocksource: hpet: mask: 0xffffffff max_cycles: 0xffffffff, max_idle_ns: 19112604467 ns
[    0.461027] APIC: Switch to symmetric I/O mode setup
[    0.461768] x2apic enabled
[    0.462300] APIC: Switched APIC routing to: physical x2apic
[    0.463788] ..TIMER: vector=0x30 apic1=0 pin1=2 apic2=-1 pin2=-1
[    0.464385] clocksource: tsc-early: mask: 0xffffffffffffffff max_cycles: 0x39a85c9bff6, max_idle_ns: 881590591483 ns
[    0.465371] Calibrating delay loop (skipped) preset value.. 4000.00 BogoMIPS (lpj=2000000)
[    0.466560] Last level iTLB entries: 4KB 0, 2MB 0, 4MB 0
[    0.467046] Last level dTLB entries: 4KB 0, 2MB 0, 4MB 0, 1GB 0
[    0.467372] mitigations: Enabled attack vectors: SMT mitigations: off
[    0.467960] Speculative Store Bypass: Vulnerable
[    0.468369] Spectre V2 : Vulnerable
[    0.468693] ITS: Vulnerable
[    0.469369] MDS: Vulnerable
[    0.469625] Spectre V1 : Vulnerable: __user pointer sanitization and usercopy barriers only; no swapgs barriers
[    0.470389] x86/fpu: Supporting XSAVE feature 0x001: 'x87 floating point registers'
[    0.471084] x86/fpu: Supporting XSAVE feature 0x002: 'SSE registers'
[    0.471369] x86/fpu: Supporting XSAVE feature 0x004: 'AVX registers'
[    0.472369] x86/fpu: Supporting XSAVE feature 0x020: 'AVX-512 opmask'
[    0.472957] x86/fpu: Supporting XSAVE feature 0x040: 'AVX-512 Hi256'
[    0.473369] x86/fpu: Supporting XSAVE feature 0x080: 'AVX-512 ZMM_Hi256'
[    0.474369] x86/fpu: xstate_offset[2]:  576, xstate_sizes[2]:  256
[    0.474931] x86/fpu: xstate_offset[5]: 1088, xstate_sizes[5]:   64
[    0.475369] x86/fpu: xstate_offset[6]: 1152, xstate_sizes[6]:  512
[    0.475939] x86/fpu: xstate_offset[7]: 1664, xstate_sizes[7]: 1024
[    0.476369] x86/fpu: Enabled xstate features 0xe7, context size is 2688 bytes, using 'standard' format.
[    0.480945] Freeing SMP alternatives memory: 52K
[    0.481374] pid_max: default: 32768 minimum: 301
[    0.482120] LSM: initializing lsm=lockdown,capability,landlock,yama,apparmor,ima,evm
[    0.482513] landlock: Up and running.
[    0.483369] Yama: becoming mindful.
[    0.483877] AppArmor: AppArmor initialized
[    0.484760] Mount-cache hash table entries: 32768 (order: 6, 262144 bytes, linear)
[    0.485942] Mountpoint-cache hash table entries: 32768 (order: 6, 262144 bytes, linear)
[    0.590241] smpboot: CPU0: Intel QEMU Virtual CPU version 2.5+ (family: 0xf, model: 0x6b, stepping: 0x1)
[    0.590772] Performance Events: unsupported Netburst CPU model 107 no PMU driver, software events only.
[    0.591642] signal: max sigframe size: 3632
[    0.592417] rcu: Hierarchical SRCU implementation.
[    0.592887] rcu: 	Max phase no-delay instances is 400.
[    0.593522] Timer migration: 1 hierarchy levels; 8 children per group; 1 crossnode level
[    0.594545] NMI watchdog: Perf NMI watchdog permanently disabled
[    0.595266] smp: Bringing up secondary CPUs ...
[    0.595678] smpboot: x86: Booting SMP configuration:
[    0.596371] .... node  #0, CPUs:      #1 #2 #3
[    0.603616] smp: Brought up 1 node, 4 CPUs
[    0.604788] smpboot: Total of 4 processors activated (16000.00 BogoMIPS)
[    0.605777] Memory: 16366256K/16776680K available (20473K kernel code, 4645K rwdata, 13656K rodata, 3056K init, 4384K bss, 402368K reserved, 0K cma-reserved)
[    0.608370] devtmpfs: initialized
[    0.608840] x86/mm: Memory block size: 128MB
[    0.611459] clocksource: jiffies: mask: 0xffffffff max_cycles: 0xffffffff, max_idle_ns: 1911260446275000 ns
[    0.612409] posixtimers hash table entries: 2048 (order: 3, 32768 bytes, linear)
[    0.613426] futex hash table entries: 1024 (65536 bytes on 1 NUMA nodes, total 64 KiB, linear).
[    0.614695] pinctrl core: initialized pinctrl subsystem
[    0.615571] PM: RTC time: 19:52:04, date: 2026-04-21
[    0.618419] NET: Registered PF_NETLINK/PF_ROUTE protocol family
[    0.620759] DMA: preallocated 2048 KiB GFP_KERNEL pool for atomic allocations
[    0.621626] DMA: preallocated 2048 KiB GFP_KERNEL|GFP_DMA pool for atomic allocations
[    0.622559] DMA: preallocated 2048 KiB GFP_KERNEL|GFP_DMA32 pool for atomic allocations
[    0.623391] audit: initializing netlink subsys (disabled)
[    0.624376] audit: type=2000 audit(1776801124.497:1): state=initialized audit_enabled=0 res=1
[    0.624612] thermal_sys: Registered thermal governor 'fair_share'
[    0.625371] thermal_sys: Registered thermal governor 'bang_bang'
[    0.625946] thermal_sys: Registered thermal governor 'step_wise'
[    0.626369] thermal_sys: Registered thermal governor 'user_space'
[    0.626921] thermal_sys: Registered thermal governor 'power_allocator'
[    0.627389] cpuidle: using governor ladder
[    0.628751] cpuidle: using governor menu
[    0.629634] acpiphp: ACPI Hot Plug PCI Controller Driver version: 0.5
[    0.630663] PCI: ECAM [mem 0xb0000000-0xbfffffff] (base 0xb0000000) for domain 0000 [bus 00-ff]
[    0.631371] PCI: ECAM [mem 0xb0000000-0xbfffffff] reserved as E820 entry
[    0.632005] PCI: Using configuration type 1 for base access
[    0.632436] kprobes: kprobe jump-optimization is enabled. All kprobes are optimized if possible.
[    0.636621] HugeTLB: registered 2.00 MiB page size, pre-allocated 0 pages
[    0.637370] HugeTLB: 28 KiB vmemmap can be freed for a 2.00 MiB page
[    0.641074] ACPI: Added _OSI(Module Device)
[    0.641370] ACPI: Added _OSI(Processor Device)
[    0.641780] ACPI: Added _OSI(Processor Aggregator Device)
[    0.643868] ACPI: 1 ACPI AML tables successfully acquired and loaded
[    0.664565] ACPI: Interpreter enabled
[    0.664984] ACPI: PM: (supports S0 S3 S4 S5)
[    0.665371] ACPI: Using IOAPIC for interrupt routing
[    0.665958] PCI: Using host bridge windows from ACPI; if necessary, use "pci=nocrs" and report a bug
[    0.666370] PCI: Using E820 reservations for host bridge windows
[    0.667461] ACPI: Enabled 3 GPEs in block 00 to 3F
[    0.671527] ACPI: PCI Root Bridge [PCI0] (domain 0000 [bus 00-0b])
[    0.672109] acpi PNP0A08:00: _OSC: OS supports [ExtendedConfig ASPM ClockPM Segments MSI EDR HPX-Type3]
[    0.672396] acpi PNP0A08:00: _OSC: platform does not support [PCIeHotplug LTR DPC]
[    0.673408] acpi PNP0A08:00: _OSC: OS now controls [SHPCHotplug PME AER PCIeCapability]
[    0.674506] PCI host bridge to bus 0000:00
[    0.674885] pci_bus 0000:00: root bus resource [io  0x0000-0x0cf7 window]
[    0.675369] pci_bus 0000:00: root bus resource [io  0x0d00-0xffff window]
[    0.676369] pci_bus 0000:00: root bus resource [mem 0x000a0000-0x000bffff window]
[    0.677114] pci_bus 0000:00: root bus resource [mem 0x80000000-0xafffffff window]
[    0.677369] pci_bus 0000:00: root bus resource [mem 0xc0000000-0xfe1fffff window]
[    0.678369] pci_bus 0000:00: root bus resource [mem 0xac0040000-0xaffffffff window]
[    0.679071] pci_bus 0000:00: root bus resource [mem 0x1300000000-0x1affffffff window]
[    0.679369] pci_bus 0000:00: root bus resource [bus 00-0b]
[    0.680466] pci 0000:00:00.0: [8086:29c0] type 00 class 0x060000 conventional PCI endpoint
[    0.681783] pci 0000:00:01.0: [1234:1111] type 00 class 0x030000 conventional PCI endpoint
[    0.685029] pci 0000:00:01.0: BAR 0 [mem 0xfd000000-0xfdffffff pref]
[    0.685391] pci 0000:00:01.0: BAR 2 [mem 0xfea50000-0xfea50fff]
[    0.685969] pci 0000:00:01.0: ROM [mem 0xfea40000-0xfea4ffff pref]
[    0.686582] pci 0000:00:01.0: Video device with shadowed ROM at [mem 0x000c0000-0x000dffff]
[    0.688663] pci 0000:00:02.0: [1af4:1000] type 00 class 0x020000 conventional PCI endpoint
[    0.691386] pci 0000:00:02.0: BAR 0 [io  0xc0c0-0xc0df]
[    0.691928] pci 0000:00:02.0: BAR 1 [mem 0xfea51000-0xfea51fff]
[    0.692393] pci 0000:00:02.0: BAR 4 [mem 0x1300000000-0x1300003fff 64bit pref]
[    0.693065] pci 0000:00:02.0: ROM [mem 0xfea00000-0xfea3ffff pref]
[    0.695110] pci 0000:00:03.0: [1af4:1005] type 00 class 0x00ff00 conventional PCI endpoint
[    0.697169] pci 0000:00:03.0: BAR 0 [io  0xc0e0-0xc0ff]
[    0.697379] pci 0000:00:03.0: BAR 1 [mem 0xfea52000-0xfea52fff]
[    0.698392] pci 0000:00:03.0: BAR 4 [mem 0x1300004000-0x1300007fff 64bit pref]
[    0.699944] pci 0000:00:04.0: [1af4:1001] type 00 class 0x010000 conventional PCI endpoint
[    0.702394] pci 0000:00:04.0: BAR 0 [io  0xc000-0xc07f]
[    0.702910] pci 0000:00:04.0: BAR 1 [mem 0xfea53000-0xfea53fff]
[    0.703393] pci 0000:00:04.0: BAR 4 [mem 0x1300008000-0x130000bfff 64bit pref]
[    0.704914] pci 0000:00:05.0: [1b36:000b] type 00 class 0x060000 conventional PCI endpoint
[    0.712389] pci 0000:00:1f.0: [8086:2918] type 00 class 0x060100 conventional PCI endpoint
[    0.713479] pci 0000:00:1f.0: quirk: [io  0x0600-0x067f] claimed by ICH6 ACPI/GPIO/TCO
[    0.714454] pci 0000:00:1f.2: [8086:2922] type 00 class 0x010601 conventional PCI endpoint
[    0.715933] pci 0000:00:1f.2: BAR 4 [io  0xc100-0xc11f]
[    0.716378] pci 0000:00:1f.2: BAR 5 [mem 0xfea54000-0xfea54fff]
[    0.717750] pci 0000:00:1f.3: [8086:2930] type 00 class 0x0c0500 conventional PCI endpoint
[    0.719029] pci 0000:00:1f.3: BAR 4 [io  0x0700-0x073f]
[    0.720448] ACPI: PCI: Interrupt link LNKA configured for IRQ 10
[    0.721105] ACPI: PCI: Interrupt link LNKB configured for IRQ 10
[    0.721422] ACPI: PCI: Interrupt link LNKC configured for IRQ 11
[    0.722024] ACPI: PCI: Interrupt link LNKD configured for IRQ 11
[    0.722422] ACPI: PCI: Interrupt link LNKE configured for IRQ 10
[    0.723425] ACPI: PCI: Interrupt link LNKF configured for IRQ 10
[    0.724036] ACPI: PCI: Interrupt link LNKG configured for IRQ 11
[    0.724421] ACPI: PCI: Interrupt link LNKH configured for IRQ 11
[    0.725400] ACPI: PCI: Interrupt link GSIA configured for IRQ 16
[    0.726377] ACPI: PCI: Interrupt link GSIB configured for IRQ 17
[    0.726936] ACPI: PCI: Interrupt link GSIC configured for IRQ 18
[    0.727377] ACPI: PCI: Interrupt link GSID configured for IRQ 19
[    0.728377] ACPI: PCI: Interrupt link GSIE configured for IRQ 20
[    0.728951] ACPI: PCI: Interrupt link GSIF configured for IRQ 21
[    0.729377] ACPI: PCI: Interrupt link GSIG configured for IRQ 22
[    0.729942] ACPI: PCI: Interrupt link GSIH configured for IRQ 23
[    0.730886] ACPI: PCI Root Bridge [CL0C] (domain 0000 [bus 0c-10])
[    0.731380] acpi ACPI0016:00: _OSC: OS supports [ExtendedConfig ASPM ClockPM Segments MSI EDR HPX-Type3]
[    0.732370] acpi ACPI0016:00: _OSC: OS supports [CXL11PortRegAccess CXL20PortDevRegAccess CXLProtocolErrorReporting CXLNativeHot]
[    0.733429] acpi ACPI0016:00: _OSC: platform does not support [LTR DPC]
[    0.734436] acpi ACPI0016:00: _OSC: OS now controls [PCIeHotplug SHPCHotplug PME AER PCIeCapability]
[    0.735369] acpi ACPI0016:00: _OSC: OS now controls [CXLMemErrorReporting]
[    0.736078] PCI host bridge to bus 0000:0c
[    0.736373] pci_bus 0000:0c: root bus resource [mem 0xfe200000-0xfe9fffff window]
[    0.737068] pci_bus 0000:0c: root bus resource [mem 0xac0000000-0xac003ffff window]
[    0.737369] pci_bus 0000:0c: root bus resource [mem 0xb00000000-0x12ffffffff window]
[    0.738369] pci_bus 0000:0c: root bus resource [bus 0c-10]
[    0.739423] pci 0000:0c:00.0: [8086:7075] type 01 class 0x060400 PCIe Root Port
[    0.743019] pci 0000:0c:00.0: BAR 0 [mem 0xac0000000-0xac000ffff 64bit]
[    0.743388] pci 0000:0c:00.0: PCI bridge to [bus 0d]
[    0.743884] pci 0000:0c:00.0:   bridge window [mem 0xfe800000-0xfe9fffff]
[    0.746840] pci 0000:0c:00.0:   bridge window [mem 0x1100000000-0x12ffffffff 64bit pref]
[    0.747445] pci 0000:0c:00.0: enabling Extended Tags
[    0.750073] pci 0000:0c:01.0: [8086:7075] type 01 class 0x060400 PCIe Root Port
[    0.752973] pci 0000:0c:01.0: BAR 0 [mem 0xac0010000-0xac001ffff 64bit]
[    0.753389] pci 0000:0c:01.0: PCI bridge to [bus 0e]
[    0.753891] pci 0000:0c:01.0:   bridge window [mem 0xfe600000-0xfe7fffff]
[    0.756483] pci 0000:0c:01.0:   bridge window [mem 0xf00000000-0x10ffffffff 64bit pref]
[    0.757515] pci 0000:0c:01.0: enabling Extended Tags
[    0.760170] pci 0000:0c:02.0: [8086:7075] type 01 class 0x060400 PCIe Root Port
[    0.762982] pci 0000:0c:02.0: BAR 0 [mem 0xac0020000-0xac002ffff 64bit]
[    0.763391] pci 0000:0c:02.0: PCI bridge to [bus 0f]
[    0.763898] pci 0000:0c:02.0:   bridge window [mem 0xfe400000-0xfe5fffff]
[    0.766483] pci 0000:0c:02.0:   bridge window [mem 0xd00000000-0xeffffffff 64bit pref]
[    0.767440] pci 0000:0c:02.0: enabling Extended Tags
[    0.770272] pci 0000:0c:03.0: [8086:7075] type 01 class 0x060400 PCIe Root Port
[    0.773061] pci 0000:0c:03.0: BAR 0 [mem 0xac0030000-0xac003ffff 64bit]
[    0.773390] pci 0000:0c:03.0: PCI bridge to [bus 10]
[    0.774399] pci 0000:0c:03.0:   bridge window [mem 0xfe200000-0xfe3fffff]
[    0.776775] pci 0000:0c:03.0:   bridge window [mem 0xb00000000-0xcffffffff 64bit pref]
[    0.777441] pci 0000:0c:03.0: enabling Extended Tags
[    0.787656] pci 0000:0d:00.0: [8086:0d92] type 00 class 0x050210 PCIe Endpoint
[    0.791471] pci 0000:0d:00.0: BAR 0 [mem 0xfe800000-0xfe80ffff 64bit]
[    0.792386] pci 0000:0d:00.0: BAR 2 [mem 0x1200000000-0x1207ffffff 64bit pref]
[    0.793076] pci 0000:0d:00.0: BAR 4 [mem 0x1100000000-0x11ffffffff 64bit pref]
[    0.793376] pci 0000:0d:00.0: ROM [mem 0xfe810000-0xfe810fff pref]
[    0.794413] pci 0000:0d:00.0: enabling Extended Tags
[    0.796256] pci 0000:0c:00.0: PCI bridge to [bus 0d]
[    0.797553] pci 0000:0e:00.0: [8086:0d92] type 00 class 0x050210 PCIe Endpoint
[    0.800465] pci 0000:0e:00.0: BAR 0 [mem 0xfe600000-0xfe60ffff 64bit]
[    0.801387] pci 0000:0e:00.0: BAR 2 [mem 0x1000000000-0x1007ffffff 64bit pref]
[    0.802381] pci 0000:0e:00.0: BAR 4 [mem 0xf00000000-0xfffffffff 64bit pref]
[    0.803032] pci 0000:0e:00.0: ROM [mem 0xfe610000-0xfe610fff pref]
[    0.803411] pci 0000:0e:00.0: enabling Extended Tags
[    0.805677] pci 0000:0c:01.0: PCI bridge to [bus 0e]
[    0.806919] pci 0000:0f:00.0: [8086:0d92] type 00 class 0x050210 PCIe Endpoint
[    0.810227] pci 0000:0f:00.0: BAR 0 [mem 0xfe400000-0xfe40ffff 64bit]
[    0.810388] pci 0000:0f:00.0: BAR 2 [mem 0xe00000000-0xe07ffffff 64bit pref]
[    0.811381] pci 0000:0f:00.0: BAR 4 [mem 0xd00000000-0xdffffffff 64bit pref]
[    0.812376] pci 0000:0f:00.0: ROM [mem 0xfe410000-0xfe410fff pref]
[    0.813412] pci 0000:0f:00.0: enabling Extended Tags
[    0.815553] pci 0000:0c:02.0: PCI bridge to [bus 0f]
[    0.816710] pci 0000:10:00.0: [8086:0d92] type 00 class 0x050210 PCIe Endpoint
[    0.820263] pci 0000:10:00.0: BAR 0 [mem 0xfe200000-0xfe20ffff 64bit]
[    0.820389] pci 0000:10:00.0: BAR 2 [mem 0xc00000000-0xc07ffffff 64bit pref]
[    0.821382] pci 0000:10:00.0: BAR 4 [mem 0xb00000000-0xbffffffff 64bit pref]
[    0.822375] pci 0000:10:00.0: ROM [mem 0xfe210000-0xfe210fff pref]
[    0.823413] pci 0000:10:00.0: enabling Extended Tags
[    0.825452] pci 0000:0c:03.0: PCI bridge to [bus 10]
[    0.829446] iommu: Default domain type: Translated
[    0.829947] iommu: DMA domain TLB invalidation policy: lazy mode
[    0.831811] SCSI subsystem initialized
[    0.832491] ACPI: bus type USB registered
[    0.832898] usbcore: registered new interface driver usbfs
[    0.833382] usbcore: registered new interface driver hub
[    0.834379] usbcore: registered new device driver usb
[    0.834896] pps_core: LinuxPPS API ver. 1 registered
[    0.835369] pps_core: Software ver. 5.3.6 - Copyright 2005-2007 Rodolfo Giometti <giometti@linux.it>
[    0.836370] PTP clock support registered
[    0.837401] EDAC MC: Ver: 3.0.0
[    0.838942] NetLabel: Initializing
[    0.839369] NetLabel:  domain hash size = 128
[    0.839807] NetLabel:  protocols = UNLABELED CIPSOv4 CALIPSO
[    0.840395] NetLabel:  unlabeled traffic allowed by default
[    0.841410] mctp: management component transport protocol core
[    0.842008] NET: Registered PF_MCTP protocol family
[    0.842398] PCI: Using ACPI for IRQ routing
[    0.955225] pci 0000:00:01.0: BAR 2 [mem 0xfea50000-0xfea50fff]: can't claim; no compatible bridge window
[    0.955383] pci 0000:00:02.0: BAR 1 [mem 0xfea51000-0xfea51fff]: can't claim; no compatible bridge window
[    0.956376] pci 0000:00:03.0: BAR 1 [mem 0xfea52000-0xfea52fff]: can't claim; no compatible bridge window
[    0.957376] pci 0000:00:04.0: BAR 1 [mem 0xfea53000-0xfea53fff]: can't claim; no compatible bridge window
[    0.958388] pci 0000:00:1f.2: BAR 5 [mem 0xfea54000-0xfea54fff]: can't claim; no compatible bridge window
[    0.959579] pci 0000:00:01.0: vgaarb: setting as boot VGA device
[    0.959979] pci 0000:00:01.0: vgaarb: bridge control possible
[    0.960368] pci 0000:00:01.0: vgaarb: VGA device added: decodes=io+mem,owns=io+mem,locks=none
[    0.960371] vgaarb: loaded
[    0.961569] hpet: 3 channels of 0 reserved for per-cpu timers
[    0.962390] hpet0: at MMIO 0xfed00000, IRQs 2, 8, 0
[    0.962860] hpet0: 3 comparators, 64-bit 100.000000 MHz counter
[    0.968510] clocksource: Switched to clocksource kvm-clock
[    0.971140] VFS: Disk quotas dquot_6.6.0
[    0.971612] VFS: Dquot-cache hash table entries: 512 (order 0, 4096 bytes)
[    0.973816] AppArmor: AppArmor Filesystem Enabled
[    0.974295] pnp: PnP ACPI init
[    0.974861] system 00:05: [mem 0xb0000000-0xbfffffff window] has been reserved
[    0.975975] pnp: PnP ACPI: found 6 devices
[    0.985763] clocksource: acpi_pm: mask: 0xffffff max_cycles: 0xffffff, max_idle_ns: 2085701024 ns
[    0.986793] NET: Registered PF_INET protocol family
[    0.988878] IP idents hash table entries: 262144 (order: 9, 2097152 bytes, linear)
[    1.006893] tcp_listen_portaddr_hash hash table entries: 8192 (order: 5, 131072 bytes, linear)
[    1.007792] Table-perturb hash table entries: 65536 (order: 6, 262144 bytes, linear)
[    1.008625] TCP established hash table entries: 131072 (order: 8, 1048576 bytes, linear)
[    1.011453] TCP bind hash table entries: 65536 (order: 9, 2097152 bytes, linear)
[    1.012348] TCP: Hash tables configured (established 131072 bind 65536)
[    1.013181] MPTCP token hash table entries: 16384 (order: 6, 393216 bytes, linear)
[    1.014404] UDP hash table entries: 8192 (order: 7, 524288 bytes, linear)
[    1.015519] UDP-Lite hash table entries: 8192 (order: 7, 524288 bytes, linear)
[    1.016430] NET: Registered PF_UNIX/PF_LOCAL protocol family
[    1.017011] NET: Registered PF_XDP protocol family
[    1.017577] pci 0000:00:02.0: ROM [mem 0xfea00000-0xfea3ffff pref]: can't claim; no compatible bridge window
[    1.018533] pci 0000:00:02.0: ROM [mem 0x80000000-0x8003ffff pref]: assigned
[    1.019201] pci 0000:00:01.0: BAR 2 [mem 0x80040000-0x80040fff]: assigned
[    1.020538] pci 0000:00:02.0: BAR 1 [mem 0x80041000-0x80041fff]: assigned
[    1.021831] pci 0000:00:03.0: BAR 1 [mem 0x80042000-0x80042fff]: assigned
[    1.023065] pci 0000:00:04.0: BAR 1 [mem 0x80043000-0x80043fff]: assigned
[    1.024351] pci 0000:00:1f.2: BAR 5 [mem 0x80044000-0x80044fff]: assigned
[    1.025626] pci_bus 0000:00: resource 4 [io  0x0000-0x0cf7 window]
[    1.026228] pci_bus 0000:00: resource 5 [io  0x0d00-0xffff window]
[    1.026820] pci_bus 0000:00: resource 6 [mem 0x000a0000-0x000bffff window]
[    1.027449] pci_bus 0000:00: resource 7 [mem 0x80000000-0xafffffff window]
[    1.028098] pci_bus 0000:00: resource 8 [mem 0xc0000000-0xfe1fffff window]
[    1.028754] pci_bus 0000:00: resource 9 [mem 0xac0040000-0xaffffffff window]
[    1.029398] pci_bus 0000:00: resource 10 [mem 0x1300000000-0x1affffffff window]
[    1.030112] pci 0000:0c:00.0: bridge window [io  0x1000-0x0fff] to [bus 0d] add_size 1000
[    1.031494] pci 0000:0c:01.0: bridge window [io  0x1000-0x0fff] to [bus 0e] add_size 1000
[    1.032264] pci 0000:0c:02.0: bridge window [io  0x1000-0x0fff] to [bus 0f] add_size 1000
[    1.033039] pci 0000:0c:03.0: bridge window [io  0x1000-0x0fff] to [bus 10] add_size 1000
[    1.033811] pci 0000:0c:00.0: bridge window [io  size 0x1000]: can't assign; no space
[    1.034540] pci 0000:0c:00.0: bridge window [io  size 0x1000]: failed to assign
[    1.035230] pci 0000:0c:01.0: bridge window [io  size 0x1000]: can't assign; no space
[    1.035968] pci 0000:0c:01.0: bridge window [io  size 0x1000]: failed to assign
[    1.036635] pci 0000:0c:02.0: bridge window [io  size 0x1000]: can't assign; no space
[    1.037379] pci 0000:0c:02.0: bridge window [io  size 0x1000]: failed to assign
[    1.038068] pci 0000:0c:03.0: bridge window [io  size 0x1000]: can't assign; no space
[    1.038819] pci 0000:0c:03.0: bridge window [io  size 0x1000]: failed to assign
[    1.039489] pci 0000:0c:03.0: bridge window [io  size 0x1000]: can't assign; no space
[    1.040236] pci 0000:0c:03.0: bridge window [io  size 0x1000]: failed to assign
[    1.040943] pci 0000:0c:02.0: bridge window [io  size 0x1000]: can't assign; no space
[    1.041658] pci 0000:0c:02.0: bridge window [io  size 0x1000]: failed to assign
[    1.042379] pci 0000:0c:01.0: bridge window [io  size 0x1000]: can't assign; no space
[    1.043128] pci 0000:0c:01.0: bridge window [io  size 0x1000]: failed to assign
[    1.043832] pci 0000:0c:00.0: bridge window [io  size 0x1000]: can't assign; no space
[    1.044545] pci 0000:0c:00.0: bridge window [io  size 0x1000]: failed to assign
[    1.045259] pci 0000:0c:00.0: PCI bridge to [bus 0d]
[    1.046481] pci 0000:0c:00.0:   bridge window [mem 0xfe800000-0xfe9fffff]
[    1.048579] pci 0000:0c:00.0:   bridge window [mem 0x1100000000-0x12ffffffff 64bit pref]
[    1.050601] pci 0000:0c:01.0: PCI bridge to [bus 0e]
[    1.052128] pci 0000:0c:01.0:   bridge window [mem 0xfe600000-0xfe7fffff]
[    1.055138] pci 0000:0c:01.0:   bridge window [mem 0xf00000000-0x10ffffffff 64bit pref]
[    1.056894] pci 0000:0c:02.0: PCI bridge to [bus 0f]
[    1.058046] pci 0000:0c:02.0:   bridge window [mem 0xfe400000-0xfe5fffff]
[    1.059590] pci 0000:0c:02.0:   bridge window [mem 0xd00000000-0xeffffffff 64bit pref]
[    1.061667] pci 0000:0c:03.0: PCI bridge to [bus 10]
[    1.063241] pci 0000:0c:03.0:   bridge window [mem 0xfe200000-0xfe3fffff]
[    1.066002] pci 0000:0c:03.0:   bridge window [mem 0xb00000000-0xcffffffff 64bit pref]
[    1.067698] pci_bus 0000:0c: Some PCI device resources are unassigned, try booting with pci=realloc
[    1.068603] pci_bus 0000:0c: resource 4 [mem 0xfe200000-0xfe9fffff window]
[    1.069276] pci_bus 0000:0c: resource 5 [mem 0xac0000000-0xac003ffff window]
[    1.069951] pci_bus 0000:0c: resource 6 [mem 0xb00000000-0x12ffffffff window]
[    1.070615] pci_bus 0000:0d: resource 0 [io  size 0x1000]
[    1.071153] pci_bus 0000:0d: resource 1 [mem 0xfe800000-0xfe9fffff]
[    1.071775] pci_bus 0000:0d: resource 2 [mem 0x1100000000-0x12ffffffff 64bit pref]
[    1.072475] pci_bus 0000:0e: resource 0 [io  size 0x1000]
[    1.073022] pci_bus 0000:0e: resource 1 [mem 0xfe600000-0xfe7fffff]
[    1.073607] pci_bus 0000:0e: resource 2 [mem 0xf00000000-0x10ffffffff 64bit pref]
[    1.074346] pci_bus 0000:0f: resource 0 [io  size 0x1000]
[    1.075650] pci_bus 0000:0f: resource 1 [mem 0xfe400000-0xfe5fffff]
[    1.076250] pci_bus 0000:0f: resource 2 [mem 0xd00000000-0xeffffffff 64bit pref]
[    1.076956] pci_bus 0000:10: resource 0 [io  size 0x1000]
[    1.077454] pci_bus 0000:10: resource 1 [mem 0xfe200000-0xfe3fffff]
[    1.078052] pci_bus 0000:10: resource 2 [mem 0xb00000000-0xcffffffff 64bit pref]
[    1.079022] PCI: CLS 0 bytes, default 64
[    1.079553] PCI-DMA: Using software bounce buffering for IO (SWIOTLB)
[    1.080198] software IO TLB: mapped [mem 0x000000007bfdc000-0x000000007ffdc000] (64MB)
[    1.081326] clocksource: tsc: mask: 0xffffffffffffffff max_cycles: 0x39a85c9bff6, max_idle_ns: 881590591483 ns
[    1.084325] Initialise system trusted keyrings
[    1.084824] Key type blacklist registered
[    1.087039] workingset: timestamp_bits=36 max_order=22 bucket_order=0
[    1.089422] squashfs: version 4.0 (2009/01/31) Phillip Lougher
[    1.091718] fuse: init (API version 7.45)
[    1.092949] integrity: Platform Keyring initialized
[    1.093412] integrity: Machine keyring initialized
[    1.099810] Key type asymmetric registered
[    1.100195] Asymmetric key parser 'x509' registered
[    1.100728] Block layer SCSI generic (bsg) driver version 0.4 loaded (major 242)
[    1.102203] io scheduler mq-deadline registered
[    1.104418] ledtrig-cpu: registered to indicate activity on CPUs
[    1.105857] ACPI: \_SB_.LNKD: Enabled at IRQ 11
[    1.107428] pcieport 0000:0c:00.0: PME: Signaling with IRQ 24
[    1.108985] pcieport 0000:0c:00.0: AER: enabled with IRQ 24
[    1.109563] pcieport 0000:0c:00.0: pciehp: Slot #0 AttnBtn+ PwrCtrl+ MRL- AttnInd+ PwrInd+ HotPlug+ Surprise+ Interlock+ NoCompl- IbPresDis- LLActRep+ (with Cmd Compl erratum)
[    1.113056] ACPI: \_SB_.LNKA: Enabled at IRQ 10
[    1.114495] pcieport 0000:0c:01.0: PME: Signaling with IRQ 25
[    1.115924] pcieport 0000:0c:01.0: AER: enabled with IRQ 25
[    1.117112] pcieport 0000:0c:01.0: pciehp: Slot #1 AttnBtn+ PwrCtrl+ MRL- AttnInd+ PwrInd+ HotPlug+ Surprise+ Interlock+ NoCompl- IbPresDis- LLActRep+ (with Cmd Compl erratum)
[    1.120078] ACPI: \_SB_.LNKB: Enabled at IRQ 10
[    1.121554] pcieport 0000:0c:02.0: PME: Signaling with IRQ 26
[    1.122648] pcieport 0000:0c:02.0: AER: enabled with IRQ 26
[    1.123269] pcieport 0000:0c:02.0: pciehp: Slot #2 AttnBtn+ PwrCtrl+ MRL- AttnInd+ PwrInd+ HotPlug+ Surprise+ Interlock+ NoCompl- IbPresDis- LLActRep+ (with Cmd Compl erratum)
[    1.126044] ACPI: \_SB_.LNKC: Enabled at IRQ 11
[    1.128014] pcieport 0000:0c:03.0: PME: Signaling with IRQ 27
[    1.129247] pcieport 0000:0c:03.0: AER: enabled with IRQ 27
[    1.129849] pcieport 0000:0c:03.0: pciehp: Slot #3 AttnBtn+ PwrCtrl+ MRL- AttnInd+ PwrInd+ HotPlug+ Surprise+ Interlock+ NoCompl- IbPresDis- LLActRep+ (with Cmd Compl erratum)
[    1.132724] input: Power Button as /devices/LNXSYSTM:00/LNXPWRBN:00/input/input0
[    1.133540] ACPI: button: Power Button [PWRF]
[    1.136696] ACPI: \_SB_.GSIG: Enabled at IRQ 22
[    1.138237] ACPI: \_SB_.GSIH: Enabled at IRQ 23
[    1.139627] ACPI: \_SB_.GSIE: Enabled at IRQ 20
[    1.141285] Serial: 8250/16550 driver, 32 ports, IRQ sharing enabled
[    1.164594] 00:03: ttyS0 at I/O 0x3f8 (irq = 4, base_baud = 115200) is a 16550A
[    1.170397] Linux agpgart interface v0.103
[    1.171003] ACPI: bus type drm_connector registered
[    1.178307] loop: module loaded
[    1.178816] virtio_blk virtio2: 4/0/0 default/read/poll queues
[    1.180982] virtio_blk virtio2: [vda] 104857600 512-byte logical blocks (53.7 GB/50.0 GiB)
[    1.184631] tun: Universal TUN/TAP device driver, 1.6
[    1.186887] PPP generic driver version 2.4.2
[    1.187624] i8042: PNP: PS/2 Controller [PNP0303:KBD,PNP0f13:MOU] at 0x60,0x64 irq 1,12
[    1.189365] serio: i8042 KBD port at 0x60,0x64 irq 1
[    1.189878] serio: i8042 AUX port at 0x60,0x64 irq 12
[    1.190520] mousedev: PS/2 mouse device common for all mice
[    1.191482] input: AT Translated Set 2 keyboard as /devices/platform/i8042/serio0/input/input1
[    1.191808] rtc_cmos 00:04: RTC can wake from S4
[    1.196010] rtc_cmos 00:04: registered as rtc0
[    1.197677] rtc_cmos 00:04: setting system clock to 2026-04-21T19:52:04 UTC (1776801124)
[    1.200711] rtc_cmos 00:04: alarms up to one day, y3k, 242 bytes nvram, hpet irqs
[    1.203136] i2c_dev: i2c /dev entries driver
[    1.204682] device-mapper: core: CONFIG_IMA_DISABLE_HTABLE is disabled. Duplicate IMA measurements will not be recorded in the IMA log.
[    1.207013] device-mapper: uevent: version 1.0.3
[    1.207709] device-mapper: ioctl: 4.50.0-ioctl (2025-04-28) initialised: dm-devel@lists.linux.dev
[    1.208592] intel_pstate: CPU model not supported
[    1.209275] drop_monitor: Initializing network drop monitor service
[    1.210471] NET: Registered PF_INET6 protocol family
[    1.212866] Segment Routing with IPv6
[    1.213243] In-situ OAM (IOAM) with IPv6
[    1.213681] NET: Registered PF_PACKET protocol family
[    1.214558] Key type dns_resolver registered
[    1.216582] IPI shorthand broadcast: enabled
[    1.218583] sched_clock: Marking stable (1132002552, 85749960)->(1227091136, -9338624)
[    1.220341] registered taskstats version 1
[    1.222369] Loading compiled-in X.509 certificates
[    1.224433] Loaded X.509 cert 'Build time autogenerated kernel key: a905e4b6ea12bd1caa75aa6fecf1a1500005ba3b'
[    1.229890] Demotion targets for Node 0: null
[    1.230787] Key type .fscrypt registered
[    1.231158] Key type fscrypt-provisioning registered
[    1.233920] Key type encrypted registered
[    1.234310] AppArmor: AppArmor sha256 policy hashing enabled
[    1.234901] ima: No TPM chip found, activating TPM-bypass!
[    1.235418] Loading compiled-in module X.509 certificates
[    1.236254] Loaded X.509 cert 'Build time autogenerated kernel key: a905e4b6ea12bd1caa75aa6fecf1a1500005ba3b'
[    1.237201] ima: Allocated hash algorithm: sha256
[    1.237682] ima: No architecture policies found
[    1.238184] evm: Initialising EVM extended attributes:
[    1.238659] evm: security.selinux
[    1.239008] evm: security.SMACK64
[    1.239314] evm: security.SMACK64EXEC
[    1.239658] evm: security.SMACK64TRANSMUTE
[    1.240070] evm: security.SMACK64MMAP
[    1.240413] evm: security.apparmor
[    1.240762] evm: security.ima
[    1.241039] evm: security.capability
[    1.241375] evm: HMAC attrs: 0x1
[    1.242140] PM:   Magic number: 6:920:900
[    1.242601] acpi PNP0501:00: hash matches
[    1.245795] RAS: Correctable Errors collector initialized.
[    1.251083] clk: Disabling unused clocks
[    1.251499] PM: genpd: Disabling unused power domains
[    1.252318] check access for rdinit=/init failed: -2, ignoring
[    1.252717] md: Waiting for all devices to be available before autodetect
[    1.253145] md: If you don't use raid, use raid=noautodetect
[    1.253505] md: Autodetecting RAID arrays.
[    1.253790] md: autorun ...
[    1.253970] md: ... autorun DONE.
[    1.410907] EXT4-fs (vda): recovery complete
[    1.419138] EXT4-fs (vda): mounted filesystem 412a31d6-761b-4b59-b4f9-53f8a4b8ad2f r/w with ordered data mode. Quota mode: none.
[    1.419910] VFS: Mounted root (ext4 filesystem) on device 253:0.
[    1.421047] devtmpfs: mounted
[    1.424189] Freeing unused decrypted memory: 2036K
[    1.426321] Freeing unused kernel image (initmem) memory: 3056K
[    1.426864] Write protecting the kernel read-only data: 34816k
[    1.428459] Freeing unused kernel image (text/rodata gap) memory: 4K
[    1.429585] Freeing unused kernel image (rodata/data gap) memory: 680K
[    1.437629] x86/mm: Checked W+X mappings: passed, no W+X pages found.
[    1.438076] Run /sbin/init as init process
[    1.528512] systemd[1]: Inserted module 'autofs4'
[    1.536164] random: crng init done
[!p]104[?7h[    1.570641] systemd[1]: systemd 257.7-1 running in system mode (+PAM +AUDIT +SELINUX +APPARMOR +IMA +IPE +SMACK +SECCOMP +GCRYPT -GNUTLS +OPENSSL +ACL +BLKID +CURL +ELFUTILS +FIDO2 +IDN2 -IDN +IPTC +KMOD +LIBCRYPTSETUP +LIBCRYPTSETUP_PLUGINS +LIBFDISK +PCRE2 +PWQUALITY +P11KIT +QRENCODE +TPM2 +BZIP2 +LZ4 +XZ +ZLIB +ZSTD +BPF_FRAMEWORK +BTF -XKBCOMMON -UTMP +SYSVINIT +LIBARCHIVE)
[    1.577877] systemd[1]: Detected virtualization kvm.
[    1.579023] systemd[1]: Detected architecture x86-64.

[0;1;39mWelcome to [0m[1mDebian GNU/Linux 13 (trixie)[0m[0;1;39m![0m

[    1.582442] systemd[1]: Hostname set to <node1>.
[    1.624291] systemd[1]: bpf-restrict-fs: BPF LSM hook not enabled in the kernel, BPF LSM not supported.
[    1.669952] Guest personality initialized and is inactive
[    1.670469] VMCI host device registered (name=vmci, major=10, minor=261)
[    1.670937] Initialized host personality
[    1.682165] NET: Registered PF_VSOCK protocol family
[    1.785494] systemd[1]: Queued start job for default target graphical.target.
[    1.817560] systemd[1]: Created slice system-getty.slice - Slice /system/getty.
[[0;32m  OK  [0m] Created slice [0;1;39msystem-getty.slice[0m - Slice /system/getty.
[    1.819190] systemd[1]: Created slice system-modprobe.slice - Slice /system/modprobe.
[[0;32m  OK  [0m] Created slice [0;1;39msystem-modprobe.slice[0m - Slice /system/modprobe.
[    1.821008] systemd[1]: Created slice system-serial\x2dgetty.slice - Slice /system/serial-getty.
[[0;32m  OK  [0m] Created slice [0;1;39msystem-serial\x2dget…slice[0m - Slice /system/serial-getty.
[    1.822567] systemd[1]: Created slice user.slice - User and Session Slice.
[[0;32m  OK  [0m] Created slice [0;1;39muser.slice[0m - User and Session Slice.
[    1.823720] systemd[1]: Started systemd-ask-password-console.path - Dispatch Password Requests to Console Directory Watch.
[[0;32m  OK  [0m] Started [0;1;39msystemd-ask-password-conso…[0mequests to Console Directory Watch.
[    1.825443] systemd[1]: Started systemd-ask-password-wall.path - Forward Password Requests to Wall Directory Watch.
[[0;32m  OK  [0m] Started [0;1;39msystemd-ask-password-wall.…[0md Requests to Wall Directory Watch.
[    1.827287] systemd[1]: Set up automount proc-sys-fs-binfmt_misc.automount - Arbitrary Executable File Formats File System Automount Point.
[[0;32m  OK  [0m] Set up automount [0;1;39mproc-sys-fs-binfm…[0mormats File System Automount Point.
[    1.829145] systemd[1]: Expecting device dev-ttyS0.device - /dev/ttyS0...
         Expecting device [0;1;39mdev-ttyS0.device[0m - /dev/ttyS0...
[    1.830295] systemd[1]: Reached target paths.target - Path Units.
[[0;32m  OK  [0m] Reached target [0;1;39mpaths.target[0m - Path Units.
[    1.831416] systemd[1]: Reached target slices.target - Slice Units.
[[0;32m  OK  [0m] Reached target [0;1;39mslices.target[0m - Slice Units.
[    1.832557] systemd[1]: Reached target swap.target - Swaps.
[[0;32m  OK  [0m] Reached target [0;1;39mswap.target[0m - Swaps.
[    1.841720] systemd[1]: Listening on rpcbind.socket - RPCbind Server Activation Socket.
[[0;32m  OK  [0m] Listening on [0;1;39mrpcbind.socket[0m - RPCbind Server Activation Socket.
[    1.844019] systemd[1]: Listening on systemd-creds.socket - Credential Encryption/Decryption.
[[0;32m  OK  [0m] Listening on [0;1;39msystemd-creds.socket[0m - Credential Encryption/Decryption.
[    1.845500] systemd[1]: Listening on systemd-initctl.socket - initctl Compatibility Named Pipe.
[[0;32m  OK  [0m] Listening on [0;1;39msystemd-initctl.socke…[0m- initctl Compatibility Named Pipe.
[    1.846991] systemd[1]: Listening on systemd-journald-dev-log.socket - Journal Socket (/dev/log).
[[0;32m  OK  [0m] Listening on [0;1;39msystemd-journald-dev-…socket[0m - Journal Socket (/dev/log).
[    1.848442] systemd[1]: Listening on systemd-journald.socket - Journal Sockets.
[[0;32m  OK  [0m] Listening on [0;1;39msystemd-journald.socket[0m - Journal Sockets.
[    1.849711] systemd[1]: Listening on systemd-networkd.socket - Network Service Netlink Socket.
[[0;32m  OK  [0m] Listening on [0;1;39msystemd-networkd.socket[0m - Network Service Netlink Socket.
[    1.851010] systemd[1]: systemd-pcrextend.socket - TPM PCR Measurements was skipped because of an unmet condition check (ConditionSecurity=measured-uki).
[    1.851894] systemd[1]: systemd-pcrlock.socket - Make TPM PCR Policy was skipped because of an unmet condition check (ConditionSecurity=measured-uki).
[    1.852815] systemd[1]: Listening on systemd-udevd-control.socket - udev Control Socket.
[[0;32m  OK  [0m] Listening on [0;1;39msystemd-udevd-control.socket[0m - udev Control Socket.
[    1.854069] systemd[1]: Listening on systemd-udevd-kernel.socket - udev Kernel Socket.
[[0;32m  OK  [0m] Listening on [0;1;39msystemd-udevd-kernel.socket[0m - udev Kernel Socket.
[    1.856783] systemd[1]: Mounting dev-hugepages.mount - Huge Pages File System...
         Mounting [0;1;39mdev-hugepages.mount[0m - Huge Pages File System...
[    1.859271] systemd[1]: Mounting dev-mqueue.mount - POSIX Message Queue File System...
         Mounting [0;1;39mdev-mqueue.mount[0m - POSIX Message Queue File System...
[    1.862109] systemd[1]: Mounting run-lock.mount - Legacy Locks Directory /run/lock...
         Mounting [0;1;39mrun-lock.mount[0m - Legacy Locks Directory /run/lock...
[    1.868132] systemd[1]: Mounting sys-kernel-debug.mount - Kernel Debug File System...
         Mounting [0;1;39msys-kernel-debug.mount[0m - Kernel Debug File System...
[    1.871905] systemd[1]: Mounting sys-kernel-tracing.mount - Kernel Trace File System...
         Mounting [0;1;39msys-kernel-tracing.mount[0m - Kernel Trace File System...
[    1.876455] systemd[1]: Mounting tmp.mount - Temporary Directory /tmp...
         Mounting [0;1;39mtmp.mount[0m - Temporary Directory /tmp...
[    1.877908] systemd[1]: auth-rpcgss-module.service - Kernel Module supporting RPCSEC_GSS was skipped because of an unmet condition check (ConditionPathExists=/etc/krb5.keytab).
[    1.880363] systemd[1]: Starting kmod-static-nodes.service - Create List of Static Device Nodes...
         Starting [0;1;39mkmod-static-nodes.service[0m…eate List of Static Device Nodes...
[    1.882844] systemd[1]: Starting modprobe@configfs.service - Load Kernel Module configfs...
         Starting [0;1;39mmodprobe@configfs.service[0m - Load Kernel Module configfs...
[    1.885147] systemd[1]: Starting modprobe@drm.service - Load Kernel Module drm...
         Starting [0;1;39mmodprobe@drm.service[0m - Load Kernel Module drm...
[    1.887159] systemd[1]: Starting modprobe@efi_pstore.service - Load Kernel Module efi_pstore...
         Starting [0;1;39mmodprobe@efi_pstore.servi…[0m - Load Kernel Module efi_pstore...
[    1.891734] systemd[1]: Starting modprobe@fuse.service - Load Kernel Module fuse...
         Starting [0;1;39mmodprobe@fuse.service[0m - Load Kernel Module fuse...
[    1.893069] systemd[1]: systemd-hibernate-clear.service - Clear Stale Hibernate Storage Info was skipped because of an unmet condition check (ConditionPathExists=/sys/firmware/efi/efivars/HibernateLocation-8cf2644b-4b0b-428f-9387-6d876050dc67).
[    1.896251] systemd[1]: Starting systemd-journald.service - Journal Service...
         Starting [0;1;39msystemd-journald.service[0m - Journal Service...
[    1.899001] systemd[1]: Starting systemd-modules-load.service - Load Kernel Modules...
         Starting [0;1;39msystemd-modules-load.service[0m - Load Kernel Modules...
[    1.900338] systemd[1]: systemd-pcrmachine.service - TPM PCR Machine ID Measurement was skipped because of an unmet condition check (ConditionSecurity=measured-uki).
[    1.902321] systemd[1]: Starting systemd-remount-fs.service - Remount Root and Kernel File Systems...
         Starting [0;1;39msystemd-remount-fs.servic…[0munt Root and Kernel File Systems...
[    1.904043] systemd[1]: systemd-tpm2-setup-early.service - Early TPM SRK Setup was skipped because of an unmet condition check (ConditionSecurity=measured-uki).
[    1.907975] systemd[1]: Starting systemd-udev-load-credentials.service - Load udev Rules from Credentials...
         Starting [0;1;39msystemd-udev-load-credent…[0mLoad udev Rules from Credentials...
[    1.912961] systemd[1]: Starting systemd-udev-trigger.service - Coldplug All udev Devices...
         Starting [0;1;39msystemd-udev-trigger.service[0m - Coldplug All udev Devices...
[    1.915862] systemd[1]: Mounted dev-hugepages.mount - Huge Pages File System.
[    1.915977] systemd-journald[139]: Collecting audit messages is disabled.
[[0;32m  OK  [0m] Mounted [0;1;39mdev-hugepages.mount[0m - Huge Pages File System.
[    1.917858] systemd[1]: Mounted dev-mqueue.mount - POSIX Message Queue File System.
[[0;32m  OK  [0m] Mounted [0;1;39mdev-mqueue.mount[0m - POSIX Message Queue File System.
[    1.919182] systemd[1]: Mounted run-lock.mount - Legacy Locks Directory /run/lock.
[[0;32m  OK  [0m] Mounted [0;1;39mrun-lock.mount[0m - Legacy Locks Directory /run/lock.
[    1.920572] systemd[1]: Mounted sys-kernel-debug.mount - Kernel Debug File System.
[[0;32m  OK  [0m] Mounted [0;1;39msys-kernel-debug.mount[0m - Kernel Debug File System.
[    1.922054] systemd[1]: Mounted sys-kernel-tracing.mount - Kernel Trace File System.
[[0;32m  OK  [0m] Mounted [0;1;39msys-kernel-tracing.mount[0m - Kernel Trace File System.
[    1.923388] systemd[1]: Mounted tmp.mount - Temporary Directory /tmp.
[[0;32m  OK  [0m] Mounted [0;1;39mtmp.mount[0m - Temporary Directory /tmp.
[    1.924782] systemd[1]: Finished kmod-static-nodes.service - Create List of Static Device Nodes.
[[0;32m  OK  [0m] Finished [0;1;39mkmod-static-nodes.service[0m…Create List of Static Device Nodes.
[    1.926599] systemd[1]: modprobe@configfs.service: Deactivated successfully.
[    1.927272] systemd[1]: Finished modprobe@configfs.service - Load Kernel Module configfs.
[[0;32m  OK  [0m] Finished [0;1;39mmodprobe@configfs.service[0m - Load Kernel Module configfs.
[    1.928861] systemd[1]: modprobe@drm.service: Deactivated successfully.
[    1.929449] systemd[1]: Finished modprobe@drm.service - Load Kernel Module drm.
[[0;32m  OK  [0m] Finished [0;1;39mmodprobe@drm.service[0m - Load Kernel Module drm.
[    1.930848] systemd[1]: modprobe@efi_pstore.service: Deactivated successfully.
[    1.931460] systemd[1]: Finished modprobe@efi_pstore.service - Load Kernel Module efi_pstore.
[[0;32m  OK  [0m] Finished [0;1;39mmodprobe@efi_pstore.service[0m - Load Kernel Module efi_pstore.
[    1.933069] systemd[1]: modprobe@fuse.service: Deactivated successfully.
[    1.933660] systemd[1]: Finished modprobe@fuse.service - Load Kernel Module fuse.
[[0;32m  OK  [0m] Finished [0;1;39mmodprobe@fuse.service[0m - Load Kernel Module fuse.
[    1.935186] systemd[1]: Finished systemd-modules-load.service - Load Kernel Modules.
[[0;32m  OK  [0m] Finished [0;1;39msystemd-modules-load.service[0m - Load Kernel Modules.
[    1.936636] systemd[1]: Finished systemd-remount-fs.service - Remount Root and Kernel File Systems.
[[0;32m  OK  [0m] Finished [0;1;39msystemd-remount-fs.servic…[0mmount Root and Kernel File Systems.
[    1.938819] systemd[1]: Finished systemd-udev-load-credentials.service - Load udev Rules from Credentials.
[[0;32m  OK  [0m] Finished [0;1;39msystemd-udev-load-credent…[0m- Load udev Rules from Credentials.
[    1.942136] systemd[1]: Mounting sys-fs-fuse-connections.mount - FUSE Control File System...
         Mounting [0;1;39msys-fs-fuse-connections.mount[0m - FUSE Control File System...
[    1.945987] systemd[1]: Mounting sys-kernel-config.mount - Kernel Configuration File System...
         Mounting [0;1;39msys-kernel-config.mount[0m - Kernel Configuration File System...
[    1.948042] systemd[1]: systemd-hwdb-update.service - Rebuild Hardware Database was skipped because of an unmet condition check (ConditionNeedsUpdate=/etc).
[    1.949069] systemd[1]: systemd-pstore.service - Platform Persistent Storage Archival was skipped because of an unmet condition check (ConditionDirectoryNotEmpty=/sys/fs/pstore).
[    1.956011] systemd[1]: Starting systemd-random-seed.service - Load/Save OS Random Seed...
         Starting [0;1;39msystemd-random-seed.service[0m - Load/Save OS Random Seed...
[    1.958323] systemd[1]: Starting systemd-sysctl.service - Apply Kernel Variables...
         Starting [0;1;39msystemd-sysctl.service[0m - Apply Kernel Variables...
[    1.961067] systemd[1]: Starting systemd-tmpfiles-setup-dev-early.service - Create Static Device Nodes in /dev gracefully...
         Starting [0;1;39msystemd-tmpfiles-setup-de…[0m Device Nodes in /dev gracefully...
[    1.963588] systemd[1]: systemd-tpm2-setup.service - TPM SRK Setup was skipped because of an unmet condition check (ConditionSecurity=measured-uki).
[    1.965225] systemd[1]: Started systemd-journald.service - Journal Service.
[[0;32m  OK  [0m] Started [0;1;39msystemd-journald.service[0m - Journal Service.
[[0;32m  OK  [0m] Mounted [0;1;39msys-fs-fuse-connections.mount[0m - FUSE Control File System.
[[0;32m  OK  [0m] Mounted [0;1;39msys-kernel-config.mount[0m - Kernel Configuration File System.
         Starting [0;1;39msystemd-journal-flush.ser…[0msh Journal to Persistent Storage...
[[0;32m  OK  [0m] Finished [0;1;39msystemd-sysctl.service[0m - Apply Kernel Variables.
[[0;32m  OK  [0m] Finished [0;1;39msystemd-random-seed.service[0m - Load/Save OS Random Seed.
[[0;32m  OK  [0m] Finished [0;1;39msystemd-udev-trigger.service[0m - Coldplug All udev Devices.
[[0;32m  OK  [0m] Finished [0;1;39msystemd-tmpfiles-setup-de…[0mic Device Nodes in /dev gracefully.
[    1.991117] systemd-journald[139]: Received client request to flush runtime journal.
         Starting [0;1;39mifupdown-pre.service[0m - He…synchronize boot up for ifupdown...
         Starting [0;1;39msystemd-tmpfiles-setup-de…[0meate Static Device Nodes in /dev...
[    1.999446] systemd-journald[139]: File /var/log/journal/052ada13ad154e7481baeec066fefe4c/system.journal corrupted or uncleanly shut down, renaming and replacing.
[[0;32m  OK  [0m] Finished [0;1;39msystemd-tmpfiles-setup-de…[0mCreate Static Device Nodes in /dev.
[[0;32m  OK  [0m] Reached target [0;1;39mlocal-fs-pre.target[0m…Preparation for Local File Systems.
[[0;32m  OK  [0m] Reached target [0;1;39mlocal-fs.target[0m - Local File Systems.
[[0;32m  OK  [0m] Listening on [0;1;39msystemd-sysext.socket[0m… System Extension Image Management.
         Starting [0;1;39msystemd-binfmt.service[0m - Set Up Additional Binary Formats...
         Starting [0;1;39msystemd-udevd.service[0m - R…ager for Device Events and Files...
[[0;32m  OK  [0m] Finished [0;1;39msystemd-journal-flush.ser…[0mlush Journal to Persistent Storage.
         Starting [0;1;39msystemd-tmpfiles-setup.se…[0mate System Files and Directories...
[[0;32m  OK  [0m] Finished [0;1;39msystemd-tmpfiles-setup.se…[0mreate System Files and Directories.
         Starting [0;1;39mrpcbind.service[0m - RPC bind portmap service...
[[0;32m  OK  [0m] Started [0;1;39msystemd-udevd.service[0m - Ru…anager for Device Events and Files.
         Starting [0;1;39msystemd-networkd.service[0m - Network Configuration...
[[0;32m  OK  [0m] Started [0;1;39mrpcbind.service[0m - RPC bind portmap service.
[[0;32m  OK  [0m] Found device [0;1;39mdev-ttyS0.device[0m - /dev/ttyS0.
[[0;32m  OK  [0m] Reached target [0;1;39mrpcbind.target[0m - RPC Port Mapper.
[    2.107322] virtio_net virtio0 enp0s2: renamed from eth0
         Expecting device [0;1;39msys-subsystem-net…[0msys/subsystem/net/devices/enp0s2...
[    2.136811] lpc_ich 0000:00:1f.0: I/O space for GPIO uninitialized
[    2.150349] bochs-drm 0000:00:01.0: vgaarb: deactivate vga console
[    2.155673] parport_pc 00:02: reported by Plug and Play ACPI
[    2.155896] parport0: PC-style at 0x378, irq 7 [PCSPP,TRISTATE]
[    2.157193] cxl_core: loading out-of-tree module taints kernel.
[    2.157202] cxl_core: module verification failed: signature and/or required key missing - tainting kernel
[    2.159124] ACPI: \_SB_.GSIA: Enabled at IRQ 16
[    2.160081] ahci 0000:00:1f.2: AHCI vers 0001.0000, 32 command slots, 1.5 Gbps, SATA mode
[    2.160086] ahci 0000:00:1f.2: 6/6 ports implemented (port mask 0x3f)
[    2.160087] ahci 0000:00:1f.2: flags: 64bit ncq only 
[    2.160153] i801_smbus 0000:00:1f.3: SMBus using PCI interrupt
[    2.160578] i2c i2c-0: Memory type 0x07 not supported yet, not instantiating SPD
[    2.162360] scsi host0: ahci
[    2.162573] scsi host1: ahci
[    2.162716] scsi host2: ahci
[    2.163323] scsi host3: ahci
[    2.163478] scsi host4: ahci
[    2.163636] scsi host5: ahci
[    2.163726] ata1: SATA max UDMA/133 abar m4096@0x80044000 port 0x80044100 irq 38 lpm-pol 1
[    2.163732] ata2: SATA max UDMA/133 abar m4096@0x80044000 port 0x80044180 irq 38 lpm-pol 1
[    2.163738] ata3: SATA max UDMA/133 abar m4096@0x80044000 port 0x80044200 irq 38 lpm-pol 1
[    2.163743] ata4: SATA max UDMA/133 abar m4096@0x80044000 port 0x80044280 irq 38 lpm-pol 1
[    2.163747] ata5: SATA max UDMA/133 abar m4096@0x80044000 port 0x80044300 irq 38 lpm-pol 1
[    2.163773] ata6: SATA max UDMA/133 abar m4096@0x80044000 port 0x80044380 irq 38 lpm-pol 1
[    2.164262] Console: switching to colour dummy device 80x25
[    2.166271] input: PC Speaker as /devices/platform/pcspkr/input/input3
[    2.188884] [drm] Found bochs VGA, ID 0xb0c5.
[    2.189168] [drm] Framebuffer size 16384 kB @ 0xfd000000, mmio @ 0x80040000.
[[0;32m  OK  [0m] Listening on [0;1;39msystemd-rfkill.socket[0m…ll Switch Status /dev/rfkill Watch.
[    2.197940] input: VirtualPS/2 VMware VMMouse as /devices/platform/i8042/serio1/input/input5
[[0;32m  OK  [0m] Found device [0;1;39msys-subsystem-net-dev…0s2.device[0m - Virtio network device.
[    2.208391] [drm] Initialized bochs-drm 1.0.0 for 0000:00:01.0 on minor 0
[[0;32m  OK  [0m] Started [0;1;39mifup@enp0s2.service[0m - ifup for enp0s2.
[    2.212891] iTCO_vendor_support: vendor-support=0
[    2.215765] input: VirtualPS/2 VMware VMMouse as /devices/platform/i8042/serio1/input/input4
[    2.216806] fbcon: bochs-drmdrmfb (fb0) is primary device
[    2.223168] Console: switching to colour frame buffer device 160x50
[    2.226085] bochs-drm 0000:00:01.0: [drm] fb0: bochs-drmdrmfb frame buffer device
[    2.259960] ppdev: user-space parallel port driver
[    2.467647] ata2: SATA link down (SStatus 0 SControl 300)
[    2.469548] ata5: SATA link down (SStatus 0 SControl 300)
[    2.470818] ata3: SATA link up 1.5 Gbps (SStatus 113 SControl 300)
[    2.473302] ata1: SATA link down (SStatus 0 SControl 300)
[    2.474041] ata3.00: ATAPI: QEMU DVD-ROM, 2.5+, max UDMA/100
[    2.475849] ata3.00: applying bridge limits
[    2.477567] ata3.00: configured for UDMA/100
[    2.479355] ata6: SATA link down (SStatus 0 SControl 300)
[    2.480032] ata4: SATA link down (SStatus 0 SControl 300)
[    2.481101] scsi 2:0:0:0: CD-ROM            QEMU     QEMU DVD-ROM     2.5+ PQ: 0 ANSI: 5
[    2.527734] sr 2:0:0:0: [sr0] scsi3-mmc drive: 4x/4x cd/rw xa/form2 tray
[    2.528505] cdrom: Uniform CD-ROM driver Revision: 3.20
[    2.557106] sr 2:0:0:0: Attached scsi generic sg0 type 5
[    2.572541] iTCO_wdt iTCO_wdt.1.auto: Found a ICH9 TCO device (Version=2, TCOBASE=0x0660)
[    2.579522] iTCO_wdt iTCO_wdt.1.auto: initialized. heartbeat=30 sec (nowayout=0)
[    2.587809]  pci0000:0c: host supports CXL
[    2.593937] 8021q: 802.1Q VLAN Support v1.8
[    2.602235] cxl_type2_accel 0000:0d:00.0: CXL Type 2 Accelerator driver probing
[    2.603806] cxl_type2_accel 0000:0d:00.0: CXL DVSEC: cap=0x001f ctrl=0x0007
[    2.604327] cxl_type2_accel 0000:0d:00.0: CXL.cache capable
[    2.604749] cxl_type2_accel 0000:0d:00.0: CXL.io capable
[    2.605121] cxl_type2_accel 0000:0d:00.0: CXL.mem capable
[    2.605504] cxl_type2_accel 0000:0d:00.0: CXL DVSEC ctrl=0x4007: Cache+ IO+ Mem+ Viral+
[    2.606214] cxl_type2_accel 0000:0d:00.0: Component registers mapped
[    2.606826] cxl_type2_accel 0000:0d:00.0: Cache configured: 128 MB, 64-byte lines
[    2.607687] pcieport 0000:0c:00.0: CXL snoop filter has no capacity
[    2.620535] Error: Driver 'pcspkr' is already registered, aborting...
[    2.630187] cxl_type2_accel 0000:0d:00.0: CXL cache device registered successfully
[    2.630970] cxl_type2_accel 0000:0d:00.0: CXL memory device registered (mem0)
[    2.631494] cxl_type2_accel 0000:0d:00.0: CXL Type 2 Accelerator driver probed successfully
[    2.632139] cxl_type2_accel 0000:0e:00.0: CXL Type 2 Accelerator driver probing
[    2.633367] cxl_type2_accel 0000:0e:00.0: CXL DVSEC: cap=0x001f ctrl=0x0007
[    2.633895] cxl_type2_accel 0000:0e:00.0: CXL.cache capable
[    2.634282] cxl_type2_accel 0000:0e:00.0: CXL.io capable
[    2.634663] cxl_type2_accel 0000:0e:00.0: CXL.mem capable
[    2.635094] cxl_type2_accel 0000:0e:00.0: CXL DVSEC ctrl=0x4007: Cache+ IO+ Mem+ Viral+
[    2.635777] cxl_type2_accel 0000:0e:00.0: Component registers mapped
[    2.636306] cxl_type2_accel 0000:0e:00.0: Cache configured: 128 MB, 64-byte lines
[    2.637118] pcieport 0000:0c:01.0: CXL snoop filter has no capacity
[    2.637687] cxl_type2_accel 0000:0e:00.0: CXL cache device registered successfully
[    2.638383] cxl_type2_accel 0000:0e:00.0: CXL memory device registered (mem1)
[    2.639306] cxl_type2_accel 0000:0e:00.0: CXL Type 2 Accelerator driver probed successfully
[    2.639884] cxl_type2_accel 0000:0f:00.0: CXL Type 2 Accelerator driver probing
[    2.640722] cxl_type2_accel 0000:0f:00.0: CXL DVSEC: cap=0x001f ctrl=0x0007
[    2.641173] cxl_type2_accel 0000:0f:00.0: CXL.cache capable
[    2.641530] cxl_type2_accel 0000:0f:00.0: CXL.io capable
[    2.641907] cxl_type2_accel 0000:0f:00.0: CXL.mem capable
[    2.642251] cxl_type2_accel 0000:0f:00.0: CXL DVSEC ctrl=0x4007: Cache+ IO+ Mem+ Viral+
[    2.642852] cxl_type2_accel 0000:0f:00.0: Component registers mapped
[    2.643306] cxl_type2_accel 0000:0f:00.0: Cache configured: 128 MB, 64-byte lines
[    2.644042] pcieport 0000:0c:02.0: CXL snoop filter has no capacity
[    2.644557] cxl_type2_accel 0000:0f:00.0: CXL cache device registered successfully
[    2.645181] cxl_type2_accel 0000:0f:00.0: CXL memory device registered (mem2)
[    2.645642] cxl_type2_accel 0000:0f:00.0: CXL Type 2 Accelerator driver probed successfully
[    2.646448] cxl_type2_accel 0000:10:00.0: CXL Type 2 Accelerator driver probing
[    2.647463] cxl_type2_accel 0000:10:00.0: CXL DVSEC: cap=0x001f ctrl=0x0007
[    2.647962] cxl_type2_accel 0000:10:00.0: CXL.cache capable
[    2.648310] cxl_type2_accel 0000:10:00.0: CXL.io capable
[    2.648649] cxl_type2_accel 0000:10:00.0: CXL.mem capable
[    2.649022] cxl_type2_accel 0000:10:00.0: CXL DVSEC ctrl=0x4007: Cache+ IO+ Mem+ Viral+
[    2.649915] cxl_type2_accel 0000:10:00.0: Component registers mapped
[    2.650381] cxl_type2_accel 0000:10:00.0: Cache configured: 128 MB, 64-byte lines
[    2.651149] pcieport 0000:0c:03.0: CXL snoop filter has no capacity
[    2.651716] cxl_type2_accel 0000:10:00.0: CXL cache device registered successfully
[    2.652659] cxl_type2_accel 0000:10:00.0: CXL memory device registered (mem3)
[    2.653130] cxl_type2_accel 0000:10:00.0: CXL Type 2 Accelerator driver probed successfully
[    2.712237] cfg80211: Loading compiled-in X.509 certificates for regulatory database
[    2.713285] Loaded X.509 cert 'sforshee: 00b28ddf47aef9cea7'
[    2.713777] Loaded X.509 cert 'wens: 61c038651aabdcf94bd0ac7ff06c7248db18c600'
[    2.714307] faux_driver regulatory: Direct firmware load for regulatory.db failed with error -2
[    2.714913] cfg80211: failed to load regulatory.db
[    2.727709] 8021q: adding VLAN 0 to HW filter on device enp0s2
         Mounting [0;1;39mproc-sys-fs-binfmt_misc.m…[0mcutable File Formats File System...
         Mounting [0;1;39mrun-rpc_pipefs.mount[0m - RPC Pipe File System...
[[0;32m  OK  [0m] Mounted [0;1;39mproc-sys-fs-binfmt_misc.mo…[0mxecutable File Formats File System.
[[0;32m  OK  [0m] Finished [0;1;39msystemd-binfmt.service[0m - Set Up Additional Binary Formats.
[[0;32m  OK  [0m] Reached target [0;1;39msysinit.target[0m - System Initialization.
[[0;32m  OK  [0m] Started [0;1;39mapt-daily.timer[0m - Daily apt download activities.
[[0;32m  OK  [0m] Started [0;1;39mapt-daily-upgrade.timer[0m - …y apt upgrade and clean activities.
[[0;32m  OK  [0m] Started [0;1;39mdpkg-db-backup.timer[0m - Daily dpkg database backup timer.
[[0;32m  OK  [0m] Started [0;1;39me2scrub_all.timer[0m - Period…Metadata Check for All Filesystems.
[[0;32m  OK  [0m] Started [0;1;39mfstrim.timer[0m - Discard unused filesystem blocks once a week.
[[0;32m  OK  [0m] Started [0;1;39mlogrotate.timer[0m - Daily rotation of log files.
[[0;32m  OK  [0m] Started [0;1;39msystemd-tmpfiles-clean.tim…[0my Cleanup of Temporary Directories.
[[0;32m  OK  [0m] Reached target [0;1;39mtimers.target[0m - Timer Units.
[[0;32m  OK  [0m] Listening on [0;1;39mdbus.socket[0m - D-Bus System Message Bus Socket.
[[0;32m  OK  [0m] Listening on [0;1;39msshd-unix-local.socke…[0mtemd-ssh-generator, AF_UNIX Local).
[[0;32m  OK  [0m] Listening on [0;1;39msshd-vsock.socket[0m - O… (systemd-ssh-generator, AF_VSOCK).
[[0;32m  OK  [0m] Reached target [0;1;39mssh-access.target[0m - SSH Access Available.
[[0;32m  OK  [0m] Listening on [0;1;39msystemd-hostnamed.socket[0m - Hostname Service Socket.
[[0;32m  OK  [0m] Reached target [0;1;39msockets.target[0m - Socket Units.
[[0;32m  OK  [0m] Reached target [0;1;39mbasic.target[0m - Basic System.
[[0;32m  OK  [0m] Started [0;1;39mcxl-monitor.service[0m - CXL Monitor Daemon.
         Starting [0;1;39mdbus.service[0m - D-Bus System Message Bus...
         Starting [0;1;39me2scrub_reap.service[0m - Re…ne ext4 Metadata Check Snapshots...
[[0;32m  OK  [0m] Started [0;1;39mndctl-monitor.service[0m - Ndctl Monitor Daemon.
         Starting [0;1;39msystemd-logind.service[0m - User Login Management...
[[0;32m  OK  [0m] Started [0;1;39msystemd-networkd.service[0m - Network Configuration.
[[0;32m  OK  [0m] Started [0;1;39mdbus.service[0m - D-Bus System Message Bus.
         Starting [0;1;39msystemd-networkd-persiste…[0mtent Storage in systemd-networkd...
[[0;32m  OK  [0m] Finished [0;1;39mifupdown-pre.service[0m - He…o synchronize boot up for ifupdown.
         Starting [0;1;39mnetworking.service[0m - Raise network interfaces...
[[0;32m  OK  [0m] Finished [0;1;39msystemd-networkd-persiste…[0mistent Storage in systemd-networkd.
[[0;32m  OK  [0m] Finished [0;1;39me2scrub_reap.service[0m - Re…line ext4 Metadata Check Snapshots.
[    3.051516] RPC: Registered named UNIX socket transport module.
[    3.052026] RPC: Registered udp transport module.
[    3.052370] RPC: Registered tcp transport module.
[    3.052710] RPC: Registered tcp-with-tls transport module.
[    3.053091] RPC: Registered tcp NFSv4.1 backchannel transport module.
[[0;32m  OK  [0m] Mounted [0;1;39mrun-rpc_pipefs.mount[0m - RPC Pipe File System.
[[0;32m  OK  [0m] Reached target [0;1;39mrpc_pipefs.target[0m.
         Starting [0;1;39mnfs-blkmap.service[0m - pNFS block layout mapping daemon...
[[0;32m  OK  [0m] Reached target [0;1;39mnfs-client.target[0m - NFS client services.
[[0;32m  OK  [0m] Reached target [0;1;39mremote-fs-pre.targe…[0mreparation for Remote File Systems.
[[0;32m  OK  [0m] Reached target [0;1;39mremote-fs.target[0m - Remote File Systems.
[[0;32m  OK  [0m] Started [0;1;39mcron.service[0m - Regular background program processing daemon.
[[0;32m  OK  [0m] Started [0;1;39msystemd-logind.service[0m - User Login Management.
[[0;32m  OK  [0m] Started [0;1;39mnfs-blkmap.service[0m - pNFS block layout mapping daemon.
[[0;32m  OK  [0m] Finished [0;1;39mnetworking.service[0m - Raise network interfaces.
[[0;32m  OK  [0m] Reached target [0;1;39mnetwork.target[0m - Network.
[[0;32m  OK  [0m] Reached target [0;1;39mnetwork-online.target[0m - Network is Online.
         Starting [0;1;39mrc-local.service[0m - /etc/rc.local Compatibility...
         Starting [0;1;39mrpc-statd-notify.service[0m - Notify NFS peers of a restart...
         Starting [0;1;39mssh.service[0m - OpenBSD Secure Shell server...
         Starting [0;1;39msystemd-user-sessions.service[0m - Permit User Sessions...
[[0;32m  OK  [0m] Started [0;1;39mrc-local.service[0m - /etc/rc.local Compatibility.
[[0;32m  OK  [0m] Started [0;1;39mrpc-statd-notify.service[0m - Notify NFS peers of a restart.
[[0;32m  OK  [0m] Finished [0;1;39msystemd-user-sessions.service[0m - Permit User Sessions.
[[0;32m  OK  [0m] Started [0;1;39mgetty@tty1.service[0m - Getty on tty1.
[[0;32m  OK  [0m] Started [0;1;39mserial-getty@ttyS0.service[0m - Serial Getty on ttyS0.
[[0;32m  OK  [0m] Reached target [0;1;39mgetty.target[0m - Login Prompts.
[[0;32m  OK  [0m] Started [0;1;39mssh.service[0m - OpenBSD Secure Shell server.
[[0;32m  OK  [0m] Reached target [0;1;39mmulti-user.target[0m - Multi-User System.
[[0;32m  OK  [0m] Reached target [0;1;39mgraphical.target[0m - Graphical Interface.
[!p]104[?7h[6n[32766;32766H[6n[!p]104[?7h[6n[32766;32766H[6n
Debian GNU/Linux 13 node1 ttyS0

node1 login: 