================================================================
  RQ1: Pointer Sharing vs Copy-Based Offload
  Pointer-Rich Workloads on CXL Type-2 Coherent Memory
================================================================
  Using CXL GPU device 0
  BAR4 base: 0x7c285b551000
  sizeof(GraphNode) = 64 (expect 64)

================================================================
  EXPERIMENT 1: BFS -- Pointer Sharing vs Copy-Based Offload
  N=2000  avg_degree=6  trials=3
================================================================

--- Graph type: erdos_renyi ---
  graph=erdos_renyi  N=2000  device_fraction=0.00
    Method A (pointer-sharing):  median=44 us  p25=42 us  p75=53 us
      coherency: snoop_hits=0 snoop_misses=0 coh_reqs=0 back_inv=0
                writebacks=0 evictions=0 bias_flips=0
                dev_bias_hits=0 host_bias_hits=0 dir_entries=2000
    Method B (copy-based):       median=983109 us  p25=967534 us  p75=1036989 us
      coherency: snoop_hits=0 snoop_misses=0 coh_reqs=42 back_inv=0
                writebacks=21 evictions=0 bias_flips=0
                dev_bias_hits=0 host_bias_hits=0 dir_entries=2003

  graph=erdos_renyi  N=2000  device_fraction=0.25
    Method A (pointer-sharing):  median=43 us  p25=40 us  p75=61 us
      coherency: snoop_hits=0 snoop_misses=0 coh_reqs=0 back_inv=0
                writebacks=0 evictions=0 bias_flips=0
                dev_bias_hits=0 host_bias_hits=0 dir_entries=2015
    Method B (copy-based):       median=999563 us  p25=985386 us  p75=1079262 us
      coherency: snoop_hits=0 snoop_misses=0 coh_reqs=42 back_inv=0
                writebacks=21 evictions=0 bias_flips=0
                dev_bias_hits=0 host_bias_hits=0 dir_entries=2018

  graph=erdos_renyi  N=2000  device_fraction=0.50
    Method A (pointer-sharing):  median=44 us  p25=41 us  p75=58 us
      coherency: snoop_hits=0 snoop_misses=0 coh_reqs=0 back_inv=0
                writebacks=0 evictions=0 bias_flips=0
                dev_bias_hits=0 host_bias_hits=0 dir_entries=2030
    Method B (copy-based):       median=967490 us  p25=965007 us  p75=991221 us
      coherency: snoop_hits=0 snoop_misses=0 coh_reqs=42 back_inv=0
                writebacks=21 evictions=0 bias_flips=0
                dev_bias_hits=0 host_bias_hits=0 dir_entries=2033

  graph=erdos_renyi  N=2000  device_fraction=0.75
    Method A (pointer-sharing):  median=44 us  p25=41 us  p75=49 us
      coherency: snoop_hits=0 snoop_misses=0 coh_reqs=0 back_inv=0
                writebacks=0 evictions=0 bias_flips=0
                dev_bias_hits=0 host_bias_hits=0 dir_entries=2045
    Method B (copy-based):       median=962999 us  p25=961755 us  p75=978633 us
      coherency: snoop_hits=0 snoop_misses=0 coh_reqs=42 back_inv=0
                writebacks=21 evictions=0 bias_flips=0
                dev_bias_hits=0 host_bias_hits=0 dir_entries=2048

  graph=erdos_renyi  N=2000  device_fraction=1.00
    Method A (pointer-sharing):  median=44 us  p25=42 us  p75=54 us
      coherency: snoop_hits=0 snoop_misses=0 coh_reqs=0 back_inv=0
                writebacks=0 evictions=0 bias_flips=0
                dev_bias_hits=0 host_bias_hits=0 dir_entries=2048
    Method B (copy-based):       median=961985 us  p25=961179 us  p75=976226 us
      coherency: snoop_hits=0 snoop_misses=0 coh_reqs=42 back_inv=0
                writebacks=21 evictions=0 bias_flips=0
                dev_bias_hits=0 host_bias_hits=0 dir_entries=2051


--- Graph type: barabasi_albert ---
  graph=barabasi_albert  N=2000  device_fraction=0.00
    Method A (pointer-sharing):  median=45 us  p25=44 us  p75=51 us
      coherency: snoop_hits=0 snoop_misses=0 coh_reqs=0 back_inv=0
                writebacks=0 evictions=0 bias_flips=0
                dev_bias_hits=0 host_bias_hits=0 dir_entries=2051
    Method B (copy-based):       median=959191 us  p25=959028 us  p75=959931 us
      coherency: snoop_hits=0 snoop_misses=0 coh_reqs=162 back_inv=0
                writebacks=81 evictions=0 bias_flips=0
                dev_bias_hits=0 host_bias_hits=0 dir_entries=2054

  graph=barabasi_albert  N=2000  device_fraction=0.25
    Method A (pointer-sharing):  median=45 us  p25=43 us  p75=51 us
      coherency: snoop_hits=0 snoop_misses=0 coh_reqs=0 back_inv=0
                writebacks=0 evictions=0 bias_flips=0
                dev_bias_hits=0 host_bias_hits=0 dir_entries=2054
    Method B (copy-based):       median=973570 us  p25=960428 us  p75=1076058 us
      coherency: snoop_hits=0 snoop_misses=0 coh_reqs=162 back_inv=0
                writebacks=81 evictions=0 bias_flips=0
                dev_bias_hits=0 host_bias_hits=0 dir_entries=2057

  graph=barabasi_albert  N=2000  device_fraction=0.50
    Method A (pointer-sharing):  median=45 us  p25=44 us  p75=51 us
      coherency: snoop_hits=0 snoop_misses=0 coh_reqs=0 back_inv=0
                writebacks=0 evictions=0 bias_flips=0
                dev_bias_hits=0 host_bias_hits=0 dir_entries=2057
    Method B (copy-based):       median=962892 us  p25=959430 us  p75=973678 us
      coherency: snoop_hits=0 snoop_misses=0 coh_reqs=162 back_inv=0
                writebacks=81 evictions=0 bias_flips=0
                dev_bias_hits=0 host_bias_hits=0 dir_entries=2060

  graph=barabasi_albert  N=2000  device_fraction=0.75
    Method A (pointer-sharing):  median=45 us  p25=44 us  p75=49 us
      coherency: snoop_hits=0 snoop_misses=0 coh_reqs=0 back_inv=0
                writebacks=0 evictions=0 bias_flips=0
                dev_bias_hits=0 host_bias_hits=0 dir_entries=2060
    Method B (copy-based):       median=999123 us  p25=993431 us  p75=999209 us
      coherency: snoop_hits=0 snoop_misses=0 coh_reqs=162 back_inv=0
                writebacks=81 evictions=0 bias_flips=0
                dev_bias_hits=0 host_bias_hits=0 dir_entries=2063

  graph=barabasi_albert  N=2000  device_fraction=1.00
    Method A (pointer-sharing):  median=45 us  p25=43 us  p75=56 us
      coherency: snoop_hits=0 snoop_misses=0 coh_reqs=0 back_inv=0
                writebacks=0 evictions=0 bias_flips=0
                dev_bias_hits=0 host_bias_hits=0 dir_entries=2063
    Method B (copy-based):       median=988711 us  p25=978286 us  p75=994892 us
      coherency: snoop_hits=0 snoop_misses=0 coh_reqs=162 back_inv=0
                writebacks=81 evictions=0 bias_flips=0
                dev_bias_hits=0 host_bias_hits=0 dir_entries=2066


================================================================
  All experiments complete.
================================================================
