================================================================
  RQ1: Pointer Sharing vs Copy-Based Offload
  Pointer-Rich Workloads on CXL Type-2 Coherent Memory
================================================================
  Using CXL GPU device 0
  BAR4 base: 0x7a8eb6b49000
  sizeof(GraphNode) = 64 (expect 64)

================================================================
  EXPERIMENT 1: BFS -- Pointer Sharing vs Copy-Based Offload
  N=100000  avg_degree=6  trials=3
================================================================

--- Graph type: erdos_renyi ---
  graph=erdos_renyi  N=100000  device_fraction=0.00
    Method A (pointer-sharing):  median=8368 us  p25=7212 us  p75=8642 us
      coherency: snoop_hits=0 snoop_misses=0 coh_reqs=0 back_inv=0
                writebacks=0 evictions=0 bias_flips=0
                dev_bias_hits=0 host_bias_hits=0 dir_entries=100000
    Method B (copy-based):       SKIPPED (disabled)

  graph=erdos_renyi  N=100000  device_fraction=0.50
    Method A (pointer-sharing):  median=6614 us  p25=6446 us  p75=8125 us
      coherency: snoop_hits=0 snoop_misses=0 coh_reqs=0 back_inv=0
                writebacks=0 evictions=0 bias_flips=0
                dev_bias_hits=0 host_bias_hits=0 dir_entries=100048
    Method B (copy-based):       SKIPPED (disabled)

  graph=erdos_renyi  N=100000  device_fraction=1.00
    Method A (pointer-sharing):  median=6813 us  p25=6708 us  p75=7289 us
      coherency: snoop_hits=0 snoop_misses=0 coh_reqs=0 back_inv=0
                writebacks=0 evictions=0 bias_flips=0
                dev_bias_hits=0 host_bias_hits=0 dir_entries=100048
    Method B (copy-based):       SKIPPED (disabled)


--- Graph type: barabasi_albert ---
  graph=barabasi_albert  N=100000  device_fraction=0.00
    Method A (pointer-sharing):  median=7016 us  p25=7002 us  p75=7382 us
      coherency: snoop_hits=0 snoop_misses=0 coh_reqs=0 back_inv=0
                writebacks=0 evictions=0 bias_flips=0
                dev_bias_hits=0 host_bias_hits=0 dir_entries=100048
    Method B (copy-based):       SKIPPED (disabled)

  graph=barabasi_albert  N=100000  device_fraction=0.50
    Method A (pointer-sharing):  median=5196 us  p25=5185 us  p75=5783 us
      coherency: snoop_hits=0 snoop_misses=0 coh_reqs=0 back_inv=0
                writebacks=0 evictions=0 bias_flips=0
                dev_bias_hits=0 host_bias_hits=0 dir_entries=100048
    Method B (copy-based):       SKIPPED (disabled)

  graph=barabasi_albert  N=100000  device_fraction=1.00
    Method A (pointer-sharing):  median=4782 us  p25=4468 us  p75=4975 us
      coherency: snoop_hits=0 snoop_misses=0 coh_reqs=0 back_inv=0
                writebacks=0 evictions=0 bias_flips=0
                dev_bias_hits=0 host_bias_hits=0 dir_entries=100048
    Method B (copy-based):       SKIPPED (disabled)


================================================================
  All experiments complete.
================================================================
