================================================================
  RQ1: Pointer Sharing vs Copy-Based Offload
  Pointer-Rich Workloads on CXL Type-2 Coherent Memory
================================================================
  Using CXL GPU device 0
  BAR4 base: 0x7cb6136a6000
  sizeof(GraphNode) = 64 (expect 64)

================================================================
  EXPERIMENT 1: BFS -- Pointer Sharing vs Copy-Based Offload
  N=2000  avg_degree=6  trials=3
================================================================

--- Graph type: erdos_renyi ---
  graph=erdos_renyi  N=2000  device_fraction=0.00
    Method A (pointer-sharing):  median=44 us  p25=41 us  p75=52 us
      coherency: snoop_hits=0 snoop_misses=0 coh_reqs=0 back_inv=0
                writebacks=0 evictions=0 bias_flips=0
                dev_bias_hits=0 host_bias_hits=0 dir_entries=2000
    Method B (copy-based):       median=944611 us  p25=944393 us  p75=945650 us
      coherency: snoop_hits=0 snoop_misses=0 coh_reqs=42 back_inv=0
                writebacks=21 evictions=0 bias_flips=0
                dev_bias_hits=0 host_bias_hits=0 dir_entries=2003

  graph=erdos_renyi  N=2000  device_fraction=0.25
    Method A (pointer-sharing):  median=45 us  p25=42 us  p75=57 us
      coherency: snoop_hits=0 snoop_misses=0 coh_reqs=0 back_inv=0
                writebacks=0 evictions=0 bias_flips=0
                dev_bias_hits=0 host_bias_hits=0 dir_entries=2015
    Method B (copy-based):       median=947922 us  p25=946564 us  p75=949724 us
      coherency: snoop_hits=0 snoop_misses=0 coh_reqs=42 back_inv=0
                writebacks=21 evictions=0 bias_flips=0
                dev_bias_hits=0 host_bias_hits=0 dir_entries=2018

  graph=erdos_renyi  N=2000  device_fraction=0.50
    Method A (pointer-sharing):  median=44 us  p25=41 us  p75=57 us
      coherency: snoop_hits=0 snoop_misses=0 coh_reqs=0 back_inv=0
                writebacks=0 evictions=0 bias_flips=0
                dev_bias_hits=0 host_bias_hits=0 dir_entries=2030
    Method B (copy-based):       median=949099 us  p25=948021 us  p75=951206 us
      coherency: snoop_hits=0 snoop_misses=0 coh_reqs=42 back_inv=0
                writebacks=21 evictions=0 bias_flips=0
                dev_bias_hits=0 host_bias_hits=0 dir_entries=2033

  graph=erdos_renyi  N=2000  device_fraction=0.75
    Method A (pointer-sharing):  median=45 us  p25=42 us  p75=49 us
      coherency: snoop_hits=0 snoop_misses=0 coh_reqs=0 back_inv=0
                writebacks=0 evictions=0 bias_flips=0
                dev_bias_hits=0 host_bias_hits=0 dir_entries=2045
    Method B (copy-based):       median=957178 us  p25=956879 us  p75=981160 us
      coherency: snoop_hits=0 snoop_misses=0 coh_reqs=42 back_inv=0
                writebacks=21 evictions=0 bias_flips=0
                dev_bias_hits=0 host_bias_hits=0 dir_entries=2048

  graph=erdos_renyi  N=2000  device_fraction=1.00
    Method A (pointer-sharing):  median=46 us  p25=44 us  p75=52 us
      coherency: snoop_hits=0 snoop_misses=0 coh_reqs=0 back_inv=0
                writebacks=0 evictions=0 bias_flips=0
                dev_bias_hits=0 host_bias_hits=0 dir_entries=2048
    Method B (copy-based):       median=947283 us  p25=946826 us  p75=1025117 us
      coherency: snoop_hits=0 snoop_misses=0 coh_reqs=42 back_inv=0
                writebacks=21 evictions=0 bias_flips=0
                dev_bias_hits=0 host_bias_hits=0 dir_entries=2051


--- Graph type: barabasi_albert ---
  graph=barabasi_albert  N=2000  device_fraction=0.00
    Method A (pointer-sharing):  median=53 us  p25=44 us  p75=53 us
      coherency: snoop_hits=0 snoop_misses=0 coh_reqs=0 back_inv=0
                writebacks=0 evictions=0 bias_flips=0
                dev_bias_hits=0 host_bias_hits=0 dir_entries=2051
    Method B (copy-based):       median=942816 us  p25=941591 us  p75=954416 us
      coherency: snoop_hits=0 snoop_misses=0 coh_reqs=162 back_inv=0
                writebacks=81 evictions=0 bias_flips=0
                dev_bias_hits=0 host_bias_hits=0 dir_entries=2054

  graph=barabasi_albert  N=2000  device_fraction=0.25
    Method A (pointer-sharing):  median=50 us  p25=43 us  p75=54 us
      coherency: snoop_hits=0 snoop_misses=0 coh_reqs=0 back_inv=0
                writebacks=0 evictions=0 bias_flips=0
                dev_bias_hits=0 host_bias_hits=0 dir_entries=2054
    Method B (copy-based):       median=940182 us  p25=938996 us  p75=941042 us
      coherency: snoop_hits=0 snoop_misses=0 coh_reqs=162 back_inv=0
                writebacks=81 evictions=0 bias_flips=0
                dev_bias_hits=0 host_bias_hits=0 dir_entries=2057

  graph=barabasi_albert  N=2000  device_fraction=0.50
    Method A (pointer-sharing):  median=45 us  p25=44 us  p75=50 us
      coherency: snoop_hits=0 snoop_misses=0 coh_reqs=0 back_inv=0
                writebacks=0 evictions=0 bias_flips=0
                dev_bias_hits=0 host_bias_hits=0 dir_entries=2057
    Method B (copy-based):       median=958351 us  p25=940977 us  p75=973578 us
      coherency: snoop_hits=0 snoop_misses=0 coh_reqs=162 back_inv=0
                writebacks=81 evictions=0 bias_flips=0
                dev_bias_hits=0 host_bias_hits=0 dir_entries=2060

  graph=barabasi_albert  N=2000  device_fraction=0.75
    Method A (pointer-sharing):  median=45 us  p25=43 us  p75=49 us
      coherency: snoop_hits=0 snoop_misses=0 coh_reqs=0 back_inv=0
                writebacks=0 evictions=0 bias_flips=0
                dev_bias_hits=0 host_bias_hits=0 dir_entries=2060
    Method B (copy-based):       median=943269 us  p25=942157 us  p75=945398 us
      coherency: snoop_hits=0 snoop_misses=0 coh_reqs=162 back_inv=0
                writebacks=81 evictions=0 bias_flips=0
                dev_bias_hits=0 host_bias_hits=0 dir_entries=2063

  graph=barabasi_albert  N=2000  device_fraction=1.00
    Method A (pointer-sharing):  median=45 us  p25=44 us  p75=52 us
      coherency: snoop_hits=0 snoop_misses=0 coh_reqs=0 back_inv=0
                writebacks=0 evictions=0 bias_flips=0
                dev_bias_hits=0 host_bias_hits=0 dir_entries=2063
    Method B (copy-based):       median=947067 us  p25=946785 us  p75=975504 us
      coherency: snoop_hits=0 snoop_misses=0 coh_reqs=162 back_inv=0
                writebacks=81 evictions=0 bias_flips=0
                dev_bias_hits=0 host_bias_hits=0 dir_entries=2066


================================================================
  All experiments complete.
================================================================
