[2026-04-21 19:50:06] === follow-up (rq2 + multi-GPU) start ===
[2026-04-21 19:50:08] stage rq2_dir_capacity START
[2026-04-21 19:51:23] stage rq2_dir_capacity DONE
[2026-04-21 19:51:23] aggregate: regenerating CSVs + report
  [csv] /home/victoryang00/CXLMemSim/artifact/splash_sweep/csv/rq1_bfs.csv  rows=60
  [csv] /home/victoryang00/CXLMemSim/artifact/splash_sweep/csv/rq1_btree.csv  rows=18
  [csv] /home/victoryang00/CXLMemSim/artifact/splash_sweep/csv/rq1_hash.csv  rows=0
  [csv] /home/victoryang00/CXLMemSim/artifact/splash_sweep/csv/rq2_dir.csv  rows=0
  [csv] /home/victoryang00/CXLMemSim/artifact/splash_sweep/csv/rq3_bias.csv  rows=29
  [csv] /home/victoryang00/CXLMemSim/artifact/splash_sweep/csv/rq4_alloc.csv  rows=14
  [csv] /home/victoryang00/CXLMemSim/artifact/splash_sweep/csv/rq4_devfrac.csv  rows=5
[md] /home/victoryang00/CXLMemSim/artifact/splash_sweep/report/splash_summary.md  (156 lines)
[plot] /home/victoryang00/CXLMemSim/artifact/splash_sweep/report/rq1_bfs_scaling.pdf
[plot] /home/victoryang00/CXLMemSim/artifact/splash_sweep/report/rq4_devfrac.pdf
[plot] /home/victoryang00/CXLMemSim/artifact/splash_sweep/report/rq3_bias_zipf.pdf
[2026-04-21 19:51:27] stage multigpu_scaling START
[2026-04-21 19:52:34] stage multigpu_scaling DONE
[2026-04-21 19:52:36] aggregate: regenerating CSVs + report
  [csv] /home/victoryang00/CXLMemSim/artifact/splash_sweep/csv/rq1_bfs.csv  rows=60
  [csv] /home/victoryang00/CXLMemSim/artifact/splash_sweep/csv/rq1_btree.csv  rows=18
  [csv] /home/victoryang00/CXLMemSim/artifact/splash_sweep/csv/rq1_hash.csv  rows=0
  [csv] /home/victoryang00/CXLMemSim/artifact/splash_sweep/csv/rq2_dir.csv  rows=0
  [csv] /home/victoryang00/CXLMemSim/artifact/splash_sweep/csv/rq3_bias.csv  rows=29
  [csv] /home/victoryang00/CXLMemSim/artifact/splash_sweep/csv/rq4_alloc.csv  rows=14
  [csv] /home/victoryang00/CXLMemSim/artifact/splash_sweep/csv/rq4_devfrac.csv  rows=5
[md] /home/victoryang00/CXLMemSim/artifact/splash_sweep/report/splash_summary.md  (156 lines)
[plot] /home/victoryang00/CXLMemSim/artifact/splash_sweep/report/rq1_bfs_scaling.pdf
[plot] /home/victoryang00/CXLMemSim/artifact/splash_sweep/report/rq4_devfrac.pdf
[plot] /home/victoryang00/CXLMemSim/artifact/splash_sweep/report/rq3_bias_zipf.pdf
[2026-04-21 19:52:38] === follow-up complete ===
[2026-04-21 19:52:38] final report: /home/victoryang00/CXLMemSim/artifact/splash_sweep/report/splash_summary.md
