================================================================
  RQ1: Pointer Sharing vs Copy-Based Offload
  Pointer-Rich Workloads on CXL Type-2 Coherent Memory
================================================================
  Using CXL GPU device 0
  BAR4 base: 0x7f46cc831000
  sizeof(GraphNode) = 64 (expect 64)

================================================================
  EXPERIMENT 1: BFS -- Pointer Sharing vs Copy-Based Offload
  N=100000  avg_degree=6  trials=3
================================================================

--- Graph type: erdos_renyi ---
  graph=erdos_renyi  N=100000  device_fraction=1.00
    Method A (pointer-sharing):  median=7538 us  p25=6695 us  p75=9507 us
      coherency: snoop_hits=0 snoop_misses=0 coh_reqs=0 back_inv=0
                writebacks=0 evictions=0 bias_flips=0
                dev_bias_hits=0 host_bias_hits=0 dir_entries=100000
    Method B (copy-based):       median=47672859 us  p25=47635088 us  p75=47984253 us
      coherency: snoop_hits=0 snoop_misses=0 coh_reqs=90 back_inv=0
                writebacks=45 evictions=0 bias_flips=0
                dev_bias_hits=0 host_bias_hits=0 dir_entries=100012


--- Graph type: barabasi_albert ---
  graph=barabasi_albert  N=100000  device_fraction=1.00
    Method A (pointer-sharing):  median=5199 us  p25=5191 us  p75=7329 us
      coherency: snoop_hits=0 snoop_misses=0 coh_reqs=0 back_inv=0
                writebacks=0 evictions=0 bias_flips=0
                dev_bias_hits=0 host_bias_hits=0 dir_entries=100012
    Method B (copy-based):       median=47579517 us  p25=47470728 us  p75=47637630 us
      coherency: snoop_hits=0 snoop_misses=0 coh_reqs=264 back_inv=0
                writebacks=132 evictions=0 bias_flips=0
                dev_bias_hits=0 host_bias_hits=0 dir_entries=100018


================================================================
  All experiments complete.
================================================================
