================================================================
  RQ1: Pointer Sharing vs Copy-Based Offload
  Pointer-Rich Workloads on CXL Type-2 Coherent Memory
================================================================
  Using CXL GPU device 0
  BAR4 base: 0x7ddc53016000
  sizeof(GraphNode) = 64 (expect 64)

================================================================
  EXPERIMENT 1: BFS -- Pointer Sharing vs Copy-Based Offload
  N=100000  avg_degree=6  trials=3
================================================================

--- Graph type: erdos_renyi ---
  graph=erdos_renyi  N=100000  device_fraction=0.00
    Method A (pointer-sharing):  median=6802 us  p25=6098 us  p75=7987 us
      coherency: snoop_hits=0 snoop_misses=0 coh_reqs=0 back_inv=0
                writebacks=0 evictions=0 bias_flips=0
                dev_bias_hits=0 host_bias_hits=0 dir_entries=100000
    Method B (copy-based):       SKIPPED (disabled)

  graph=erdos_renyi  N=100000  device_fraction=0.50
    Method A (pointer-sharing):  median=6788 us  p25=6086 us  p75=7893 us
      coherency: snoop_hits=0 snoop_misses=0 coh_reqs=0 back_inv=0
                writebacks=0 evictions=0 bias_flips=0
                dev_bias_hits=0 host_bias_hits=0 dir_entries=100048
    Method B (copy-based):       SKIPPED (disabled)

  graph=erdos_renyi  N=100000  device_fraction=1.00
    Method A (pointer-sharing):  median=6553 us  p25=6093 us  p75=6944 us
      coherency: snoop_hits=0 snoop_misses=0 coh_reqs=0 back_inv=0
                writebacks=0 evictions=0 bias_flips=0
                dev_bias_hits=0 host_bias_hits=0 dir_entries=100048
    Method B (copy-based):       SKIPPED (disabled)


--- Graph type: barabasi_albert ---
  graph=barabasi_albert  N=100000  device_fraction=0.00
    Method A (pointer-sharing):  median=7005 us  p25=6874 us  p75=7011 us
      coherency: snoop_hits=0 snoop_misses=0 coh_reqs=0 back_inv=0
                writebacks=0 evictions=0 bias_flips=0
                dev_bias_hits=0 host_bias_hits=0 dir_entries=100048
    Method B (copy-based):       SKIPPED (disabled)

  graph=barabasi_albert  N=100000  device_fraction=0.50
    Method A (pointer-sharing):  median=5378 us  p25=5337 us  p75=5440 us
      coherency: snoop_hits=0 snoop_misses=0 coh_reqs=0 back_inv=0
                writebacks=0 evictions=0 bias_flips=0
                dev_bias_hits=0 host_bias_hits=0 dir_entries=100048
    Method B (copy-based):       SKIPPED (disabled)

  graph=barabasi_albert  N=100000  device_fraction=1.00
    Method A (pointer-sharing):  median=6937 us  p25=6844 us  p75=7585 us
      coherency: snoop_hits=0 snoop_misses=0 coh_reqs=0 back_inv=0
                writebacks=0 evictions=0 bias_flips=0
                dev_bias_hits=0 host_bias_hits=0 dir_entries=100048
    Method B (copy-based):       SKIPPED (disabled)


================================================================
  All experiments complete.
================================================================
